<?xml version="1.0" encoding="UTF-8"?>
<testsuite xmlns:xsi="http://www.w3.org/2001/XMLSchema-instance" xsi:noNamespaceSchemaLocation="https://maven.apache.org/surefire/maven-surefire-plugin/xsd/surefire-test-report.xsd" name="kr.co.book.InfinityBookApplicationTests" time="3.052" tests="1" errors="1" skipped="0" failures="0">
  <properties>
    <property name="sun.desktop" value="windows"/>
    <property name="awt.toolkit" value="sun.awt.windows.WToolkit"/>
    <property name="java.specification.version" value="11"/>
    <property name="sun.cpu.isalist" value="amd64"/>
    <property name="sun.jnu.encoding" value="MS949"/>
    <property name="java.class.path" value="D:\study\14_BOOT\InfinityBook\target\test-classes;D:\study\14_BOOT\InfinityBook\target\classes;C:\Users\귀요미 창후니\.m2\repository\org\springframework\security\spring-security-test\5.7.8\spring-security-test-5.7.8.jar;C:\Users\귀요미 창후니\.m2\repository\org\springframework\security\spring-security-web\5.7.8\spring-security-web-5.7.8.jar;C:\Users\귀요미 창후니\.m2\repository\org\springframework\spring-core\5.3.27\spring-core-5.3.27.jar;C:\Users\귀요미 창후니\.m2\repository\org\springframework\spring-jcl\5.3.27\spring-jcl-5.3.27.jar;C:\Users\귀요미 창후니\.m2\repository\org\springframework\spring-test\5.3.27\spring-test-5.3.27.jar;C:\Users\귀요미 창후니\.m2\repository\org\springframework\boot\spring-boot-starter-security\2.7.12\spring-boot-starter-security-2.7.12.jar;C:\Users\귀요미 창후니\.m2\repository\org\springframework\boot\spring-boot-starter\2.7.12\spring-boot-starter-2.7.12.jar;C:\Users\귀요미 창후니\.m2\repository\org\springframework\boot\spring-boot-starter-logging\2.7.12\spring-boot-starter-logging-2.7.12.jar;C:\Users\귀요미 창후니\.m2\repository\ch\qos\logback\logback-classic\1.2.12\logback-classic-1.2.12.jar;C:\Users\귀요미 창후니\.m2\repository\ch\qos\logback\logback-core\1.2.12\logback-core-1.2.12.jar;C:\Users\귀요미 창후니\.m2\repository\org\apache\logging\log4j\log4j-to-slf4j\2.17.2\log4j-to-slf4j-2.17.2.jar;C:\Users\귀요미 창후니\.m2\repository\org\apache\logging\log4j\log4j-api\2.17.2\log4j-api-2.17.2.jar;C:\Users\귀요미 창후니\.m2\repository\org\slf4j\jul-to-slf4j\1.7.36\jul-to-slf4j-1.7.36.jar;C:\Users\귀요미 창후니\.m2\repository\org\yaml\snakeyaml\1.30\snakeyaml-1.30.jar;C:\Users\귀요미 창후니\.m2\repository\org\springframework\spring-aop\5.3.27\spring-aop-5.3.27.jar;C:\Users\귀요미 창후니\.m2\repository\org\springframework\boot\spring-boot-starter-websocket\2.7.12\spring-boot-starter-websocket-2.7.12.jar;C:\Users\귀요미 창후니\.m2\repository\org\springframework\spring-messaging\5.3.27\spring-messaging-5.3.27.jar;C:\Users\귀요미 창후니\.m2\repository\org\mybatis\spring\boot\mybatis-spring-boot-starter\2.3.1\mybatis-spring-boot-starter-2.3.1.jar;C:\Users\귀요미 창후니\.m2\repository\org\springframework\boot\spring-boot-starter-jdbc\2.7.12\spring-boot-starter-jdbc-2.7.12.jar;C:\Users\귀요미 창후니\.m2\repository\com\zaxxer\HikariCP\4.0.3\HikariCP-4.0.3.jar;C:\Users\귀요미 창후니\.m2\repository\org\springframework\spring-jdbc\5.3.27\spring-jdbc-5.3.27.jar;C:\Users\귀요미 창후니\.m2\repository\org\springframework\spring-tx\5.3.27\spring-tx-5.3.27.jar;C:\Users\귀요미 창후니\.m2\repository\org\mybatis\spring\boot\mybatis-spring-boot-autoconfigure\2.3.1\mybatis-spring-boot-autoconfigure-2.3.1.jar;C:\Users\귀요미 창후니\.m2\repository\org\mybatis\mybatis\3.5.13\mybatis-3.5.13.jar;C:\Users\귀요미 창후니\.m2\repository\org\mybatis\mybatis-spring\2.1.1\mybatis-spring-2.1.1.jar;C:\Users\귀요미 창후니\.m2\repository\org\springframework\boot\spring-boot-starter-web\2.7.12\spring-boot-starter-web-2.7.12.jar;C:\Users\귀요미 창후니\.m2\repository\org\springframework\boot\spring-boot-starter-json\2.7.12\spring-boot-starter-json-2.7.12.jar;C:\Users\귀요미 창후니\.m2\repository\com\fasterxml\jackson\core\jackson-databind\2.13.5\jackson-databind-2.13.5.jar;C:\Users\귀요미 창후니\.m2\repository\com\fasterxml\jackson\core\jackson-annotations\2.13.5\jackson-annotations-2.13.5.jar;C:\Users\귀요미 창후니\.m2\repository\com\fasterxml\jackson\core\jackson-core\2.13.5\jackson-core-2.13.5.jar;C:\Users\귀요미 창후니\.m2\repository\com\fasterxml\jackson\datatype\jackson-datatype-jdk8\2.13.5\jackson-datatype-jdk8-2.13.5.jar;C:\Users\귀요미 창후니\.m2\repository\com\fasterxml\jackson\datatype\jackson-datatype-jsr310\2.13.5\jackson-datatype-jsr310-2.13.5.jar;C:\Users\귀요미 창후니\.m2\repository\com\fasterxml\jackson\module\jackson-module-parameter-names\2.13.5\jackson-module-parameter-names-2.13.5.jar;C:\Users\귀요미 창후니\.m2\repository\org\springframework\spring-web\5.3.27\spring-web-5.3.27.jar;C:\Users\귀요미 창후니\.m2\repository\org\springframework\spring-webmvc\5.3.27\spring-webmvc-5.3.27.jar;C:\Users\귀요미 창후니\.m2\repository\org\projectlombok\lombok\1.18.26\lombok-1.18.26.jar;C:\Users\귀요미 창후니\.m2\repository\org\springframework\spring-websocket\5.3.27\spring-websocket-5.3.27.jar;C:\Users\귀요미 창후니\.m2\repository\org\springframework\spring-context\5.3.27\spring-context-5.3.27.jar;C:\Users\귀요미 창후니\.m2\repository\org\webjars\sockjs-client\1.0.2\sockjs-client-1.0.2.jar;C:\Users\귀요미 창후니\.m2\repository\javax\servlet\jstl\1.2\jstl-1.2.jar;C:\Users\귀요미 창후니\.m2\repository\org\apache\tomcat\tomcat-jasper\9.0.71\tomcat-jasper-9.0.71.jar;C:\Users\귀요미 창후니\.m2\repository\org\apache\tomcat\tomcat-servlet-api\9.0.71\tomcat-servlet-api-9.0.71.jar;C:\Users\귀요미 창후니\.m2\repository\org\apache\tomcat\tomcat-juli\9.0.71\tomcat-juli-9.0.71.jar;C:\Users\귀요미 창후니\.m2\repository\org\apache\tomcat\tomcat-jsp-api\9.0.75\tomcat-jsp-api-9.0.75.jar;C:\Users\귀요미 창후니\.m2\repository\org\apache\tomcat\tomcat-el-api\9.0.71\tomcat-el-api-9.0.71.jar;C:\Users\귀요미 창후니\.m2\repository\org\eclipse\jdt\ecj\3.26.0\ecj-3.26.0.jar;C:\Users\귀요미 창후니\.m2\repository\org\apache\tomcat\tomcat-jasper-el\9.0.71\tomcat-jasper-el-9.0.71.jar;C:\Users\귀요미 창후니\.m2\repository\org\apache\tomcat\tomcat-api\9.0.71\tomcat-api-9.0.71.jar;C:\Users\귀요미 창후니\.m2\repository\org\apache\tomcat\tomcat-util-scan\9.0.71\tomcat-util-scan-9.0.71.jar;C:\Users\귀요미 창후니\.m2\repository\org\apache\tomcat\tomcat-util\9.0.71\tomcat-util-9.0.71.jar;C:\Users\귀요미 창후니\.m2\repository\org\bgee\log4jdbc-log4j2\log4jdbc-log4j2-jdbc4.1\1.16\log4jdbc-log4j2-jdbc4.1-1.16.jar;C:\Users\귀요미 창후니\.m2\repository\org\springframework\boot\spring-boot-devtools\2.7.12\spring-boot-devtools-2.7.12.jar;C:\Users\귀요미 창후니\.m2\repository\org\springframework\boot\spring-boot\2.7.12\spring-boot-2.7.12.jar;C:\Users\귀요미 창후니\.m2\repository\org\springframework\boot\spring-boot-autoconfigure\2.7.12\spring-boot-autoconfigure-2.7.12.jar;C:\Users\귀요미 창후니\.m2\repository\org\springframework\boot\spring-boot-starter-webflux\2.7.12\spring-boot-starter-webflux-2.7.12.jar;C:\Users\귀요미 창후니\.m2\repository\org\springframework\boot\spring-boot-starter-reactor-netty\2.7.12\spring-boot-starter-reactor-netty-2.7.12.jar;C:\Users\귀요미 창후니\.m2\repository\io\projectreactor\netty\reactor-netty-http\1.0.32\reactor-netty-http-1.0.32.jar;C:\Users\귀요미 창후니\.m2\repository\io\netty\netty-codec-http\4.1.92.Final\netty-codec-http-4.1.92.Final.jar;C:\Users\귀요미 창후니\.m2\repository\io\netty\netty-common\4.1.92.Final\netty-common-4.1.92.Final.jar;C:\Users\귀요미 창후니\.m2\repository\io\netty\netty-buffer\4.1.92.Final\netty-buffer-4.1.92.Final.jar;C:\Users\귀요미 창후니\.m2\repository\io\netty\netty-transport\4.1.92.Final\netty-transport-4.1.92.Final.jar;C:\Users\귀요미 창후니\.m2\repository\io\netty\netty-codec\4.1.92.Final\netty-codec-4.1.92.Final.jar;C:\Users\귀요미 창후니\.m2\repository\io\netty\netty-handler\4.1.92.Final\netty-handler-4.1.92.Final.jar;C:\Users\귀요미 창후니\.m2\repository\io\netty\netty-codec-http2\4.1.92.Final\netty-codec-http2-4.1.92.Final.jar;C:\Users\귀요미 창후니\.m2\repository\io\netty\netty-resolver-dns\4.1.92.Final\netty-resolver-dns-4.1.92.Final.jar;C:\Users\귀요미 창후니\.m2\repository\io\netty\netty-resolver\4.1.92.Final\netty-resolver-4.1.92.Final.jar;C:\Users\귀요미 창후니\.m2\repository\io\netty\netty-codec-dns\4.1.92.Final\netty-codec-dns-4.1.92.Final.jar;C:\Users\귀요미 창후니\.m2\repository\io\netty\netty-resolver-dns-native-macos\4.1.92.Final\netty-resolver-dns-native-macos-4.1.92.Final-osx-x86_64.jar;C:\Users\귀요미 창후니\.m2\repository\io\netty\netty-resolver-dns-classes-macos\4.1.92.Final\netty-resolver-dns-classes-macos-4.1.92.Final.jar;C:\Users\귀요미 창후니\.m2\repository\io\netty\netty-transport-native-epoll\4.1.92.Final\netty-transport-native-epoll-4.1.92.Final-linux-x86_64.jar;C:\Users\귀요미 창후니\.m2\repository\io\netty\netty-transport-native-unix-common\4.1.92.Final\netty-transport-native-unix-common-4.1.92.Final.jar;C:\Users\귀요미 창후니\.m2\repository\io\netty\netty-transport-classes-epoll\4.1.92.Final\netty-transport-classes-epoll-4.1.92.Final.jar;C:\Users\귀요미 창후니\.m2\repository\io\projectreactor\netty\reactor-netty-core\1.0.32\reactor-netty-core-1.0.32.jar;C:\Users\귀요미 창후니\.m2\repository\io\netty\netty-handler-proxy\4.1.92.Final\netty-handler-proxy-4.1.92.Final.jar;C:\Users\귀요미 창후니\.m2\repository\io\netty\netty-codec-socks\4.1.92.Final\netty-codec-socks-4.1.92.Final.jar;C:\Users\귀요미 창후니\.m2\repository\org\springframework\spring-webflux\5.3.27\spring-webflux-5.3.27.jar;C:\Users\귀요미 창후니\.m2\repository\io\projectreactor\reactor-core\3.4.29\reactor-core-3.4.29.jar;C:\Users\귀요미 창후니\.m2\repository\org\reactivestreams\reactive-streams\1.0.4\reactive-streams-1.0.4.jar;C:\Users\귀요미 창후니\.m2\repository\org\mariadb\jdbc\mariadb-java-client\3.0.10\mariadb-java-client-3.0.10.jar;C:\Users\귀요미 창후니\.m2\repository\org\springframework\boot\spring-boot-starter-tomcat\2.7.12\spring-boot-starter-tomcat-2.7.12.jar;C:\Users\귀요미 창후니\.m2\repository\jakarta\annotation\jakarta.annotation-api\1.3.5\jakarta.annotation-api-1.3.5.jar;C:\Users\귀요미 창후니\.m2\repository\org\apache\tomcat\embed\tomcat-embed-core\9.0.75\tomcat-embed-core-9.0.75.jar;C:\Users\귀요미 창후니\.m2\repository\org\apache\tomcat\embed\tomcat-embed-el\9.0.75\tomcat-embed-el-9.0.75.jar;C:\Users\귀요미 창후니\.m2\repository\org\apache\tomcat\embed\tomcat-embed-websocket\9.0.75\tomcat-embed-websocket-9.0.75.jar;C:\Users\귀요미 창후니\.m2\repository\org\springframework\boot\spring-boot-starter-test\2.7.12\spring-boot-starter-test-2.7.12.jar;C:\Users\귀요미 창후니\.m2\repository\org\springframework\boot\spring-boot-test\2.7.12\spring-boot-test-2.7.12.jar;C:\Users\귀요미 창후니\.m2\repository\org\springframework\boot\spring-boot-test-autoconfigure\2.7.12\spring-boot-test-autoconfigure-2.7.12.jar;C:\Users\귀요미 창후니\.m2\repository\com\jayway\jsonpath\json-path\2.7.0\json-path-2.7.0.jar;C:\Users\귀요미 창후니\.m2\repository\net\minidev\json-smart\2.4.11\json-smart-2.4.11.jar;C:\Users\귀요미 창후니\.m2\repository\net\minidev\accessors-smart\2.4.11\accessors-smart-2.4.11.jar;C:\Users\귀요미 창후니\.m2\repository\org\ow2\asm\asm\9.3\asm-9.3.jar;C:\Users\귀요미 창후니\.m2\repository\org\slf4j\slf4j-api\1.7.36\slf4j-api-1.7.36.jar;C:\Users\귀요미 창후니\.m2\repository\jakarta\xml\bind\jakarta.xml.bind-api\2.3.3\jakarta.xml.bind-api-2.3.3.jar;C:\Users\귀요미 창후니\.m2\repository\jakarta\activation\jakarta.activation-api\1.2.2\jakarta.activation-api-1.2.2.jar;C:\Users\귀요미 창후니\.m2\repository\org\assertj\assertj-core\3.22.0\assertj-core-3.22.0.jar;C:\Users\귀요미 창후니\.m2\repository\org\hamcrest\hamcrest\2.2\hamcrest-2.2.jar;C:\Users\귀요미 창후니\.m2\repository\org\junit\jupiter\junit-jupiter\5.8.2\junit-jupiter-5.8.2.jar;C:\Users\귀요미 창후니\.m2\repository\org\junit\jupiter\junit-jupiter-api\5.8.2\junit-jupiter-api-5.8.2.jar;C:\Users\귀요미 창후니\.m2\repository\org\opentest4j\opentest4j\1.2.0\opentest4j-1.2.0.jar;C:\Users\귀요미 창후니\.m2\repository\org\junit\platform\junit-platform-commons\1.8.2\junit-platform-commons-1.8.2.jar;C:\Users\귀요미 창후니\.m2\repository\org\apiguardian\apiguardian-api\1.1.2\apiguardian-api-1.1.2.jar;C:\Users\귀요미 창후니\.m2\repository\org\junit\jupiter\junit-jupiter-params\5.8.2\junit-jupiter-params-5.8.2.jar;C:\Users\귀요미 창후니\.m2\repository\org\junit\jupiter\junit-jupiter-engine\5.8.2\junit-jupiter-engine-5.8.2.jar;C:\Users\귀요미 창후니\.m2\repository\org\junit\platform\junit-platform-engine\1.8.2\junit-platform-engine-1.8.2.jar;C:\Users\귀요미 창후니\.m2\repository\org\mockito\mockito-core\4.5.1\mockito-core-4.5.1.jar;C:\Users\귀요미 창후니\.m2\repository\net\bytebuddy\byte-buddy\1.12.23\byte-buddy-1.12.23.jar;C:\Users\귀요미 창후니\.m2\repository\net\bytebuddy\byte-buddy-agent\1.12.23\byte-buddy-agent-1.12.23.jar;C:\Users\귀요미 창후니\.m2\repository\org\objenesis\objenesis\3.2\objenesis-3.2.jar;C:\Users\귀요미 창후니\.m2\repository\org\mockito\mockito-junit-jupiter\4.5.1\mockito-junit-jupiter-4.5.1.jar;C:\Users\귀요미 창후니\.m2\repository\org\skyscreamer\jsonassert\1.5.1\jsonassert-1.5.1.jar;C:\Users\귀요미 창후니\.m2\repository\com\vaadin\external\google\android-json\0.0.20131108.vaadin1\android-json-0.0.20131108.vaadin1.jar;C:\Users\귀요미 창후니\.m2\repository\org\xmlunit\xmlunit-core\2.9.1\xmlunit-core-2.9.1.jar;C:\Users\귀요미 창후니\.m2\repository\org\springframework\security\spring-security-config\5.7.8\spring-security-config-5.7.8.jar;C:\Users\귀요미 창후니\.m2\repository\org\springframework\spring-beans\5.3.27\spring-beans-5.3.27.jar;C:\Users\귀요미 창후니\.m2\repository\org\springframework\security\spring-security-core\5.7.8\spring-security-core-5.7.8.jar;C:\Users\귀요미 창후니\.m2\repository\org\springframework\security\spring-security-crypto\5.7.8\spring-security-crypto-5.7.8.jar;C:\Users\귀요미 창후니\.m2\repository\org\springframework\spring-expression\5.3.27\spring-expression-5.3.27.jar;C:\Users\귀요미 창후니\.m2\repository\javax\mail\mail\1.4.7\mail-1.4.7.jar;C:\Users\귀요미 창후니\.m2\repository\javax\activation\activation\1.1\activation-1.1.jar;C:\Users\귀요미 창후니\.m2\repository\org\springframework\spring-context-support\5.3.27\spring-context-support-5.3.27.jar;C:\Users\귀요미 창후니\.m2\repository\org\apache\commons\commons-email\1.5\commons-email-1.5.jar;C:\Users\귀요미 창후니\.m2\repository\com\sun\mail\javax.mail\1.5.6\javax.mail-1.5.6.jar;"/>
    <property name="java.vm.vendor" value="Amazon.com Inc."/>
    <property name="sun.arch.data.model" value="64"/>
    <property name="user.variant" value=""/>
    <property name="java.vendor.url" value="https://aws.amazon.com/corretto/"/>
    <property name="user.timezone" value="Asia/Seoul"/>
    <property name="java.vm.specification.version" value="11"/>
    <property name="os.name" value="Windows 10"/>
    <property name="sun.java.launcher" value="SUN_STANDARD"/>
    <property name="user.country" value="KR"/>
    <property name="sun.boot.library.path" value="C:\Program Files\Amazon Corretto\jdk11.0.18_10\bin"/>
    <property name="sun.java.command" value="C:\Users\귀요미~1\AppData\Local\Temp\surefire17153109109850694945\surefirebooter2219320887800263287.jar C:\Users\귀요미 창후니\AppData\Local\Temp\surefire17153109109850694945 2023-10-17T16-17-42_046-jvmRun1 surefire4047672526536557985tmp surefire_010293128818502864426tmp"/>
    <property name="jdk.debug" value="release"/>
    <property name="surefire.test.class.path" value="D:\study\14_BOOT\InfinityBook\target\test-classes;D:\study\14_BOOT\InfinityBook\target\classes;C:\Users\귀요미 창후니\.m2\repository\org\springframework\security\spring-security-test\5.7.8\spring-security-test-5.7.8.jar;C:\Users\귀요미 창후니\.m2\repository\org\springframework\security\spring-security-web\5.7.8\spring-security-web-5.7.8.jar;C:\Users\귀요미 창후니\.m2\repository\org\springframework\spring-core\5.3.27\spring-core-5.3.27.jar;C:\Users\귀요미 창후니\.m2\repository\org\springframework\spring-jcl\5.3.27\spring-jcl-5.3.27.jar;C:\Users\귀요미 창후니\.m2\repository\org\springframework\spring-test\5.3.27\spring-test-5.3.27.jar;C:\Users\귀요미 창후니\.m2\repository\org\springframework\boot\spring-boot-starter-security\2.7.12\spring-boot-starter-security-2.7.12.jar;C:\Users\귀요미 창후니\.m2\repository\org\springframework\boot\spring-boot-starter\2.7.12\spring-boot-starter-2.7.12.jar;C:\Users\귀요미 창후니\.m2\repository\org\springframework\boot\spring-boot-starter-logging\2.7.12\spring-boot-starter-logging-2.7.12.jar;C:\Users\귀요미 창후니\.m2\repository\ch\qos\logback\logback-classic\1.2.12\logback-classic-1.2.12.jar;C:\Users\귀요미 창후니\.m2\repository\ch\qos\logback\logback-core\1.2.12\logback-core-1.2.12.jar;C:\Users\귀요미 창후니\.m2\repository\org\apache\logging\log4j\log4j-to-slf4j\2.17.2\log4j-to-slf4j-2.17.2.jar;C:\Users\귀요미 창후니\.m2\repository\org\apache\logging\log4j\log4j-api\2.17.2\log4j-api-2.17.2.jar;C:\Users\귀요미 창후니\.m2\repository\org\slf4j\jul-to-slf4j\1.7.36\jul-to-slf4j-1.7.36.jar;C:\Users\귀요미 창후니\.m2\repository\org\yaml\snakeyaml\1.30\snakeyaml-1.30.jar;C:\Users\귀요미 창후니\.m2\repository\org\springframework\spring-aop\5.3.27\spring-aop-5.3.27.jar;C:\Users\귀요미 창후니\.m2\repository\org\springframework\boot\spring-boot-starter-websocket\2.7.12\spring-boot-starter-websocket-2.7.12.jar;C:\Users\귀요미 창후니\.m2\repository\org\springframework\spring-messaging\5.3.27\spring-messaging-5.3.27.jar;C:\Users\귀요미 창후니\.m2\repository\org\mybatis\spring\boot\mybatis-spring-boot-starter\2.3.1\mybatis-spring-boot-starter-2.3.1.jar;C:\Users\귀요미 창후니\.m2\repository\org\springframework\boot\spring-boot-starter-jdbc\2.7.12\spring-boot-starter-jdbc-2.7.12.jar;C:\Users\귀요미 창후니\.m2\repository\com\zaxxer\HikariCP\4.0.3\HikariCP-4.0.3.jar;C:\Users\귀요미 창후니\.m2\repository\org\springframework\spring-jdbc\5.3.27\spring-jdbc-5.3.27.jar;C:\Users\귀요미 창후니\.m2\repository\org\springframework\spring-tx\5.3.27\spring-tx-5.3.27.jar;C:\Users\귀요미 창후니\.m2\repository\org\mybatis\spring\boot\mybatis-spring-boot-autoconfigure\2.3.1\mybatis-spring-boot-autoconfigure-2.3.1.jar;C:\Users\귀요미 창후니\.m2\repository\org\mybatis\mybatis\3.5.13\mybatis-3.5.13.jar;C:\Users\귀요미 창후니\.m2\repository\org\mybatis\mybatis-spring\2.1.1\mybatis-spring-2.1.1.jar;C:\Users\귀요미 창후니\.m2\repository\org\springframework\boot\spring-boot-starter-web\2.7.12\spring-boot-starter-web-2.7.12.jar;C:\Users\귀요미 창후니\.m2\repository\org\springframework\boot\spring-boot-starter-json\2.7.12\spring-boot-starter-json-2.7.12.jar;C:\Users\귀요미 창후니\.m2\repository\com\fasterxml\jackson\core\jackson-databind\2.13.5\jackson-databind-2.13.5.jar;C:\Users\귀요미 창후니\.m2\repository\com\fasterxml\jackson\core\jackson-annotations\2.13.5\jackson-annotations-2.13.5.jar;C:\Users\귀요미 창후니\.m2\repository\com\fasterxml\jackson\core\jackson-core\2.13.5\jackson-core-2.13.5.jar;C:\Users\귀요미 창후니\.m2\repository\com\fasterxml\jackson\datatype\jackson-datatype-jdk8\2.13.5\jackson-datatype-jdk8-2.13.5.jar;C:\Users\귀요미 창후니\.m2\repository\com\fasterxml\jackson\datatype\jackson-datatype-jsr310\2.13.5\jackson-datatype-jsr310-2.13.5.jar;C:\Users\귀요미 창후니\.m2\repository\com\fasterxml\jackson\module\jackson-module-parameter-names\2.13.5\jackson-module-parameter-names-2.13.5.jar;C:\Users\귀요미 창후니\.m2\repository\org\springframework\spring-web\5.3.27\spring-web-5.3.27.jar;C:\Users\귀요미 창후니\.m2\repository\org\springframework\spring-webmvc\5.3.27\spring-webmvc-5.3.27.jar;C:\Users\귀요미 창후니\.m2\repository\org\projectlombok\lombok\1.18.26\lombok-1.18.26.jar;C:\Users\귀요미 창후니\.m2\repository\org\springframework\spring-websocket\5.3.27\spring-websocket-5.3.27.jar;C:\Users\귀요미 창후니\.m2\repository\org\springframework\spring-context\5.3.27\spring-context-5.3.27.jar;C:\Users\귀요미 창후니\.m2\repository\org\webjars\sockjs-client\1.0.2\sockjs-client-1.0.2.jar;C:\Users\귀요미 창후니\.m2\repository\javax\servlet\jstl\1.2\jstl-1.2.jar;C:\Users\귀요미 창후니\.m2\repository\org\apache\tomcat\tomcat-jasper\9.0.71\tomcat-jasper-9.0.71.jar;C:\Users\귀요미 창후니\.m2\repository\org\apache\tomcat\tomcat-servlet-api\9.0.71\tomcat-servlet-api-9.0.71.jar;C:\Users\귀요미 창후니\.m2\repository\org\apache\tomcat\tomcat-juli\9.0.71\tomcat-juli-9.0.71.jar;C:\Users\귀요미 창후니\.m2\repository\org\apache\tomcat\tomcat-jsp-api\9.0.75\tomcat-jsp-api-9.0.75.jar;C:\Users\귀요미 창후니\.m2\repository\org\apache\tomcat\tomcat-el-api\9.0.71\tomcat-el-api-9.0.71.jar;C:\Users\귀요미 창후니\.m2\repository\org\eclipse\jdt\ecj\3.26.0\ecj-3.26.0.jar;C:\Users\귀요미 창후니\.m2\repository\org\apache\tomcat\tomcat-jasper-el\9.0.71\tomcat-jasper-el-9.0.71.jar;C:\Users\귀요미 창후니\.m2\repository\org\apache\tomcat\tomcat-api\9.0.71\tomcat-api-9.0.71.jar;C:\Users\귀요미 창후니\.m2\repository\org\apache\tomcat\tomcat-util-scan\9.0.71\tomcat-util-scan-9.0.71.jar;C:\Users\귀요미 창후니\.m2\repository\org\apache\tomcat\tomcat-util\9.0.71\tomcat-util-9.0.71.jar;C:\Users\귀요미 창후니\.m2\repository\org\bgee\log4jdbc-log4j2\log4jdbc-log4j2-jdbc4.1\1.16\log4jdbc-log4j2-jdbc4.1-1.16.jar;C:\Users\귀요미 창후니\.m2\repository\org\springframework\boot\spring-boot-devtools\2.7.12\spring-boot-devtools-2.7.12.jar;C:\Users\귀요미 창후니\.m2\repository\org\springframework\boot\spring-boot\2.7.12\spring-boot-2.7.12.jar;C:\Users\귀요미 창후니\.m2\repository\org\springframework\boot\spring-boot-autoconfigure\2.7.12\spring-boot-autoconfigure-2.7.12.jar;C:\Users\귀요미 창후니\.m2\repository\org\springframework\boot\spring-boot-starter-webflux\2.7.12\spring-boot-starter-webflux-2.7.12.jar;C:\Users\귀요미 창후니\.m2\repository\org\springframework\boot\spring-boot-starter-reactor-netty\2.7.12\spring-boot-starter-reactor-netty-2.7.12.jar;C:\Users\귀요미 창후니\.m2\repository\io\projectreactor\netty\reactor-netty-http\1.0.32\reactor-netty-http-1.0.32.jar;C:\Users\귀요미 창후니\.m2\repository\io\netty\netty-codec-http\4.1.92.Final\netty-codec-http-4.1.92.Final.jar;C:\Users\귀요미 창후니\.m2\repository\io\netty\netty-common\4.1.92.Final\netty-common-4.1.92.Final.jar;C:\Users\귀요미 창후니\.m2\repository\io\netty\netty-buffer\4.1.92.Final\netty-buffer-4.1.92.Final.jar;C:\Users\귀요미 창후니\.m2\repository\io\netty\netty-transport\4.1.92.Final\netty-transport-4.1.92.Final.jar;C:\Users\귀요미 창후니\.m2\repository\io\netty\netty-codec\4.1.92.Final\netty-codec-4.1.92.Final.jar;C:\Users\귀요미 창후니\.m2\repository\io\netty\netty-handler\4.1.92.Final\netty-handler-4.1.92.Final.jar;C:\Users\귀요미 창후니\.m2\repository\io\netty\netty-codec-http2\4.1.92.Final\netty-codec-http2-4.1.92.Final.jar;C:\Users\귀요미 창후니\.m2\repository\io\netty\netty-resolver-dns\4.1.92.Final\netty-resolver-dns-4.1.92.Final.jar;C:\Users\귀요미 창후니\.m2\repository\io\netty\netty-resolver\4.1.92.Final\netty-resolver-4.1.92.Final.jar;C:\Users\귀요미 창후니\.m2\repository\io\netty\netty-codec-dns\4.1.92.Final\netty-codec-dns-4.1.92.Final.jar;C:\Users\귀요미 창후니\.m2\repository\io\netty\netty-resolver-dns-native-macos\4.1.92.Final\netty-resolver-dns-native-macos-4.1.92.Final-osx-x86_64.jar;C:\Users\귀요미 창후니\.m2\repository\io\netty\netty-resolver-dns-classes-macos\4.1.92.Final\netty-resolver-dns-classes-macos-4.1.92.Final.jar;C:\Users\귀요미 창후니\.m2\repository\io\netty\netty-transport-native-epoll\4.1.92.Final\netty-transport-native-epoll-4.1.92.Final-linux-x86_64.jar;C:\Users\귀요미 창후니\.m2\repository\io\netty\netty-transport-native-unix-common\4.1.92.Final\netty-transport-native-unix-common-4.1.92.Final.jar;C:\Users\귀요미 창후니\.m2\repository\io\netty\netty-transport-classes-epoll\4.1.92.Final\netty-transport-classes-epoll-4.1.92.Final.jar;C:\Users\귀요미 창후니\.m2\repository\io\projectreactor\netty\reactor-netty-core\1.0.32\reactor-netty-core-1.0.32.jar;C:\Users\귀요미 창후니\.m2\repository\io\netty\netty-handler-proxy\4.1.92.Final\netty-handler-proxy-4.1.92.Final.jar;C:\Users\귀요미 창후니\.m2\repository\io\netty\netty-codec-socks\4.1.92.Final\netty-codec-socks-4.1.92.Final.jar;C:\Users\귀요미 창후니\.m2\repository\org\springframework\spring-webflux\5.3.27\spring-webflux-5.3.27.jar;C:\Users\귀요미 창후니\.m2\repository\io\projectreactor\reactor-core\3.4.29\reactor-core-3.4.29.jar;C:\Users\귀요미 창후니\.m2\repository\org\reactivestreams\reactive-streams\1.0.4\reactive-streams-1.0.4.jar;C:\Users\귀요미 창후니\.m2\repository\org\mariadb\jdbc\mariadb-java-client\3.0.10\mariadb-java-client-3.0.10.jar;C:\Users\귀요미 창후니\.m2\repository\org\springframework\boot\spring-boot-starter-tomcat\2.7.12\spring-boot-starter-tomcat-2.7.12.jar;C:\Users\귀요미 창후니\.m2\repository\jakarta\annotation\jakarta.annotation-api\1.3.5\jakarta.annotation-api-1.3.5.jar;C:\Users\귀요미 창후니\.m2\repository\org\apache\tomcat\embed\tomcat-embed-core\9.0.75\tomcat-embed-core-9.0.75.jar;C:\Users\귀요미 창후니\.m2\repository\org\apache\tomcat\embed\tomcat-embed-el\9.0.75\tomcat-embed-el-9.0.75.jar;C:\Users\귀요미 창후니\.m2\repository\org\apache\tomcat\embed\tomcat-embed-websocket\9.0.75\tomcat-embed-websocket-9.0.75.jar;C:\Users\귀요미 창후니\.m2\repository\org\springframework\boot\spring-boot-starter-test\2.7.12\spring-boot-starter-test-2.7.12.jar;C:\Users\귀요미 창후니\.m2\repository\org\springframework\boot\spring-boot-test\2.7.12\spring-boot-test-2.7.12.jar;C:\Users\귀요미 창후니\.m2\repository\org\springframework\boot\spring-boot-test-autoconfigure\2.7.12\spring-boot-test-autoconfigure-2.7.12.jar;C:\Users\귀요미 창후니\.m2\repository\com\jayway\jsonpath\json-path\2.7.0\json-path-2.7.0.jar;C:\Users\귀요미 창후니\.m2\repository\net\minidev\json-smart\2.4.11\json-smart-2.4.11.jar;C:\Users\귀요미 창후니\.m2\repository\net\minidev\accessors-smart\2.4.11\accessors-smart-2.4.11.jar;C:\Users\귀요미 창후니\.m2\repository\org\ow2\asm\asm\9.3\asm-9.3.jar;C:\Users\귀요미 창후니\.m2\repository\org\slf4j\slf4j-api\1.7.36\slf4j-api-1.7.36.jar;C:\Users\귀요미 창후니\.m2\repository\jakarta\xml\bind\jakarta.xml.bind-api\2.3.3\jakarta.xml.bind-api-2.3.3.jar;C:\Users\귀요미 창후니\.m2\repository\jakarta\activation\jakarta.activation-api\1.2.2\jakarta.activation-api-1.2.2.jar;C:\Users\귀요미 창후니\.m2\repository\org\assertj\assertj-core\3.22.0\assertj-core-3.22.0.jar;C:\Users\귀요미 창후니\.m2\repository\org\hamcrest\hamcrest\2.2\hamcrest-2.2.jar;C:\Users\귀요미 창후니\.m2\repository\org\junit\jupiter\junit-jupiter\5.8.2\junit-jupiter-5.8.2.jar;C:\Users\귀요미 창후니\.m2\repository\org\junit\jupiter\junit-jupiter-api\5.8.2\junit-jupiter-api-5.8.2.jar;C:\Users\귀요미 창후니\.m2\repository\org\opentest4j\opentest4j\1.2.0\opentest4j-1.2.0.jar;C:\Users\귀요미 창후니\.m2\repository\org\junit\platform\junit-platform-commons\1.8.2\junit-platform-commons-1.8.2.jar;C:\Users\귀요미 창후니\.m2\repository\org\apiguardian\apiguardian-api\1.1.2\apiguardian-api-1.1.2.jar;C:\Users\귀요미 창후니\.m2\repository\org\junit\jupiter\junit-jupiter-params\5.8.2\junit-jupiter-params-5.8.2.jar;C:\Users\귀요미 창후니\.m2\repository\org\junit\jupiter\junit-jupiter-engine\5.8.2\junit-jupiter-engine-5.8.2.jar;C:\Users\귀요미 창후니\.m2\repository\org\junit\platform\junit-platform-engine\1.8.2\junit-platform-engine-1.8.2.jar;C:\Users\귀요미 창후니\.m2\repository\org\mockito\mockito-core\4.5.1\mockito-core-4.5.1.jar;C:\Users\귀요미 창후니\.m2\repository\net\bytebuddy\byte-buddy\1.12.23\byte-buddy-1.12.23.jar;C:\Users\귀요미 창후니\.m2\repository\net\bytebuddy\byte-buddy-agent\1.12.23\byte-buddy-agent-1.12.23.jar;C:\Users\귀요미 창후니\.m2\repository\org\objenesis\objenesis\3.2\objenesis-3.2.jar;C:\Users\귀요미 창후니\.m2\repository\org\mockito\mockito-junit-jupiter\4.5.1\mockito-junit-jupiter-4.5.1.jar;C:\Users\귀요미 창후니\.m2\repository\org\skyscreamer\jsonassert\1.5.1\jsonassert-1.5.1.jar;C:\Users\귀요미 창후니\.m2\repository\com\vaadin\external\google\android-json\0.0.20131108.vaadin1\android-json-0.0.20131108.vaadin1.jar;C:\Users\귀요미 창후니\.m2\repository\org\xmlunit\xmlunit-core\2.9.1\xmlunit-core-2.9.1.jar;C:\Users\귀요미 창후니\.m2\repository\org\springframework\security\spring-security-config\5.7.8\spring-security-config-5.7.8.jar;C:\Users\귀요미 창후니\.m2\repository\org\springframework\spring-beans\5.3.27\spring-beans-5.3.27.jar;C:\Users\귀요미 창후니\.m2\repository\org\springframework\security\spring-security-core\5.7.8\spring-security-core-5.7.8.jar;C:\Users\귀요미 창후니\.m2\repository\org\springframework\security\spring-security-crypto\5.7.8\spring-security-crypto-5.7.8.jar;C:\Users\귀요미 창후니\.m2\repository\org\springframework\spring-expression\5.3.27\spring-expression-5.3.27.jar;C:\Users\귀요미 창후니\.m2\repository\javax\mail\mail\1.4.7\mail-1.4.7.jar;C:\Users\귀요미 창후니\.m2\repository\javax\activation\activation\1.1\activation-1.1.jar;C:\Users\귀요미 창후니\.m2\repository\org\springframework\spring-context-support\5.3.27\spring-context-support-5.3.27.jar;C:\Users\귀요미 창후니\.m2\repository\org\apache\commons\commons-email\1.5\commons-email-1.5.jar;C:\Users\귀요미 창후니\.m2\repository\com\sun\mail\javax.mail\1.5.6\javax.mail-1.5.6.jar;"/>
    <property name="sun.cpu.endian" value="little"/>
    <property name="user.home" value="C:\Users\귀요미 창후니"/>
    <property name="user.language" value="ko"/>
    <property name="java.specification.vendor" value="Oracle Corporation"/>
    <property name="java.version.date" value="2023-01-17"/>
    <property name="java.home" value="C:\Program Files\Amazon Corretto\jdk11.0.18_10"/>
    <property name="file.separator" value="\"/>
    <property name="style.color" value="always"/>
    <property name="basedir" value="D:\study\14_BOOT\InfinityBook"/>
    <property name="java.vm.compressedOopsMode" value="Zero based"/>
    <property name="line.separator" value="&#10;"/>
    <property name="java.specification.name" value="Java Platform API Specification"/>
    <property name="java.vm.specification.vendor" value="Oracle Corporation"/>
    <property name="java.awt.graphicsenv" value="sun.awt.Win32GraphicsEnvironment"/>
    <property name="surefire.real.class.path" value="C:\Users\귀요미~1\AppData\Local\Temp\surefire17153109109850694945\surefirebooter2219320887800263287.jar"/>
    <property name="user.script" value=""/>
    <property name="sun.management.compiler" value="HotSpot 64-Bit Tiered Compilers"/>
    <property name="java.runtime.version" value="11.0.18+10-LTS"/>
    <property name="user.name" value="Lch"/>
    <property name="path.separator" value=";"/>
    <property name="os.version" value="10.0"/>
    <property name="java.runtime.name" value="OpenJDK Runtime Environment"/>
    <property name="file.encoding" value="MS949"/>
    <property name="java.vm.name" value="OpenJDK 64-Bit Server VM"/>
    <property name="java.vendor.version" value="Corretto-11.0.18.10.1"/>
    <property name="localRepository" value="C:\Users\귀요미 창후니\.m2\repository"/>
    <property name="java.vendor.url.bug" value="https://github.com/corretto/corretto-11/issues/"/>
    <property name="java.io.tmpdir" value="C:\Users\귀요미~1\AppData\Local\Temp\"/>
    <property name="java.version" value="11.0.18"/>
    <property name="user.dir" value="D:\study\14_BOOT\InfinityBook"/>
    <property name="os.arch" value="amd64"/>
    <property name="java.vm.specification.name" value="Java Virtual Machine Specification"/>
    <property name="java.awt.printerjob" value="sun.awt.windows.WPrinterJob"/>
    <property name="sun.os.patch.level" value=""/>
    <property name="java.library.path" value="C:\Program Files\Amazon Corretto\jdk11.0.18_10\bin;C:\WINDOWS\Sun\Java\bin;C:\WINDOWS\system32;C:\WINDOWS;C:/Program Files/Amazon Corretto/jdk11.0.18_10/bin/server;C:/Program Files/Amazon Corretto/jdk11.0.18_10/bin;C:\Program Files\Amazon Corretto\jdk11.0.18_10\bin;C:\Program Files (x86)\NAT Service;C:\Program Files\Common Files\Oracle\Java\javapath;C:\Program Files (x86)\Common Files\Oracle\Java\javapath;C:\Windows\system32;C:\Windows;C:\Windows\System32\Wbem;C:\Windows\System32\WindowsPowerShell\v1.0\;C:\Windows\System32\OpenSSH\;C:\Program Files (x86)\NVIDIA Corporation\PhysX\Common;C:\Program Files\NVIDIA Corporation\NVIDIA NvDLISR;%JAVA_PATH%\bin;D:\jdk-15.0.2\bin;C:\WINDOWS\system32;C:\WINDOWS;C:\WINDOWS\System32\Wbem;C:\WINDOWS\System32\WindowsPowerShell\v1.0\;C:\WINDOWS\System32\OpenSSH\;C:\Users\귀요미 창후니\AppData\Roaming\Microsoft\Windows\Start Menu\Programs\Python 3.11\Scripts;;C:\Program Files\Bandizip\;C:\Program Files (x86)\PuTTY\;C:\Program Files\Docker\Docker\resources\bin;C:\Users\귀요미 창후니\AppData\Local\Microsoft\WindowsApps;;C:\Users\귀요미 창후니\AppData\Local\afreeca;C:\Program Files\JetBrains\IntelliJ IDEA Educational Edition 2022.1.1\bin;;C:\Program Files\JetBrains\PyCharm Community Edition 2022.1.4\bin;;C:\Users\귀요미 창후니\AppData\Local\Programs\Microsoft VS Code\bin;C:\Users\귀요미 창후니\Downloads\sts-bundle\sts-3.9.14.RELEASE;;."/>
    <property name="java.vm.info" value="mixed mode"/>
    <property name="java.vendor" value="Amazon.com Inc."/>
    <property name="java.vm.version" value="11.0.18+10-LTS"/>
    <property name="sun.io.unicode.encoding" value="UnicodeLittle"/>
    <property name="java.class.version" value="55.0"/>
  </properties>
  <testcase name="contextLoads" classname="kr.co.book.InfinityBookApplicationTests" time="0.008">
    <error message="Failed to load ApplicationContext" type="java.lang.IllegalStateException">java.lang.IllegalStateException: Failed to load ApplicationContext
Caused by: org.springframework.beans.factory.BeanCreationException: Error creating bean with name 'serverEndpointExporter' defined in class path resource [kr/co/book/config/WebSocketConfig.class]: Invocation of init method failed; nested exception is java.lang.IllegalStateException: javax.websocket.server.ServerContainer not available
Caused by: java.lang.IllegalStateException: javax.websocket.server.ServerContainer not available
</error>
    <system-out><![CDATA[16:17:42.875 [main] DEBUG org.springframework.test.context.BootstrapUtils - Instantiating CacheAwareContextLoaderDelegate from class [org.springframework.test.context.cache.DefaultCacheAwareContextLoaderDelegate]
16:17:42.884 [main] DEBUG org.springframework.test.context.BootstrapUtils - Instantiating BootstrapContext using constructor [public org.springframework.test.context.support.DefaultBootstrapContext(java.lang.Class,org.springframework.test.context.CacheAwareContextLoaderDelegate)]
16:17:42.912 [main] DEBUG org.springframework.test.context.BootstrapUtils - Instantiating TestContextBootstrapper for test class [kr.co.book.InfinityBookApplicationTests] from class [org.springframework.boot.test.context.SpringBootTestContextBootstrapper]
16:17:42.921 [main] INFO org.springframework.boot.test.context.SpringBootTestContextBootstrapper - Neither @ContextConfiguration nor @ContextHierarchy found for test class [kr.co.book.InfinityBookApplicationTests], using SpringBootContextLoader
16:17:42.924 [main] DEBUG org.springframework.test.context.support.AbstractContextLoader - Did not detect default resource location for test class [kr.co.book.InfinityBookApplicationTests]: class path resource [kr/co/book/InfinityBookApplicationTests-context.xml] does not exist
16:17:42.925 [main] DEBUG org.springframework.test.context.support.AbstractContextLoader - Did not detect default resource location for test class [kr.co.book.InfinityBookApplicationTests]: class path resource [kr/co/book/InfinityBookApplicationTestsContext.groovy] does not exist
16:17:42.925 [main] INFO org.springframework.test.context.support.AbstractContextLoader - Could not detect default resource locations for test class [kr.co.book.InfinityBookApplicationTests]: no resource found for suffixes {-context.xml, Context.groovy}.
16:17:42.925 [main] INFO org.springframework.test.context.support.AnnotationConfigContextLoaderUtils - Could not detect default configuration classes for test class [kr.co.book.InfinityBookApplicationTests]: InfinityBookApplicationTests does not declare any static, non-private, non-final, nested classes annotated with @Configuration.
16:17:42.971 [main] DEBUG org.springframework.test.context.support.ActiveProfilesUtils - Could not find an 'annotation declaring class' for annotation type [org.springframework.test.context.ActiveProfiles] and class [kr.co.book.InfinityBookApplicationTests]
16:17:43.019 [main] DEBUG org.springframework.context.annotation.ClassPathScanningCandidateComponentProvider - Identified candidate component class: file [D:\study\14_BOOT\InfinityBook\target\classes\kr\co\book\InfinityBookApplication.class]
16:17:43.021 [main] INFO org.springframework.boot.test.context.SpringBootTestContextBootstrapper - Found @SpringBootConfiguration kr.co.book.InfinityBookApplication for test class kr.co.book.InfinityBookApplicationTests
16:17:43.109 [main] DEBUG org.springframework.boot.test.context.SpringBootTestContextBootstrapper - @TestExecutionListeners is not present for class [kr.co.book.InfinityBookApplicationTests]: using defaults.
16:17:43.110 [main] INFO org.springframework.boot.test.context.SpringBootTestContextBootstrapper - Loaded default TestExecutionListener class names from location [META-INF/spring.factories]: [org.springframework.security.test.context.support.WithSecurityContextTestExecutionListener, org.springframework.security.test.context.support.ReactorContextTestExecutionListener, org.springframework.test.context.web.ServletTestExecutionListener, org.springframework.test.context.support.DirtiesContextBeforeModesTestExecutionListener, org.springframework.test.context.event.ApplicationEventsTestExecutionListener, org.springframework.test.context.support.DependencyInjectionTestExecutionListener, org.springframework.test.context.support.DirtiesContextTestExecutionListener, org.springframework.test.context.transaction.TransactionalTestExecutionListener, org.springframework.test.context.jdbc.SqlScriptsTestExecutionListener, org.springframework.test.context.event.EventPublishingTestExecutionListener, org.springframework.boot.test.mock.mockito.MockitoTestExecutionListener, org.springframework.boot.test.mock.mockito.ResetMocksTestExecutionListener, org.springframework.boot.test.autoconfigure.restdocs.RestDocsTestExecutionListener, org.springframework.boot.test.autoconfigure.web.client.MockRestServiceServerResetTestExecutionListener, org.springframework.boot.test.autoconfigure.web.servlet.MockMvcPrintOnlyOnFailureTestExecutionListener, org.springframework.boot.test.autoconfigure.web.servlet.WebDriverTestExecutionListener, org.springframework.boot.test.autoconfigure.webservices.client.MockWebServiceServerTestExecutionListener]
16:17:43.129 [main] INFO org.springframework.boot.test.context.SpringBootTestContextBootstrapper - Using TestExecutionListeners: [org.springframework.test.context.web.ServletTestExecutionListener@5c00384f, org.springframework.test.context.support.DirtiesContextBeforeModesTestExecutionListener@3b7ff809, org.springframework.test.context.event.ApplicationEventsTestExecutionListener@1bb564e2, org.springframework.boot.test.mock.mockito.MockitoTestExecutionListener@62e6b5c8, org.springframework.boot.test.autoconfigure.SpringBootDependencyInjectionTestExecutionListener@3f792b9b, org.springframework.test.context.support.DirtiesContextTestExecutionListener@7b8233cd, org.springframework.test.context.transaction.TransactionalTestExecutionListener@4b20ca2b, org.springframework.test.context.jdbc.SqlScriptsTestExecutionListener@1cbf6e72, org.springframework.security.test.context.support.WithSecurityContextTestExecutionListener@6aecbb8d, org.springframework.test.context.event.EventPublishingTestExecutionListener@1af146, org.springframework.security.test.context.support.ReactorContextTestExecutionListener@4da602fc, org.springframework.boot.test.mock.mockito.ResetMocksTestExecutionListener@2a8d39c4, org.springframework.boot.test.autoconfigure.restdocs.RestDocsTestExecutionListener@25b2cfcb, org.springframework.boot.test.autoconfigure.web.client.MockRestServiceServerResetTestExecutionListener@72758afa, org.springframework.boot.test.autoconfigure.web.servlet.MockMvcPrintOnlyOnFailureTestExecutionListener@fb9c7aa, org.springframework.boot.test.autoconfigure.web.servlet.WebDriverTestExecutionListener@4c398c80, org.springframework.boot.test.autoconfigure.webservices.client.MockWebServiceServerTestExecutionListener@7fc6de5b]
16:17:43.132 [main] DEBUG org.springframework.test.context.support.AbstractDirtiesContextTestExecutionListener - Before test class: context [DefaultTestContext@73163d48 testClass = InfinityBookApplicationTests, testInstance = [null], testMethod = [null], testException = [null], mergedContextConfiguration = [WebMergedContextConfiguration@58c34bb3 testClass = InfinityBookApplicationTests, locations = '{}', classes = '{class kr.co.book.InfinityBookApplication}', contextInitializerClasses = '[]', activeProfiles = '{}', propertySourceLocations = '{}', propertySourceProperties = '{org.springframework.boot.test.context.SpringBootTestContextBootstrapper=true}', contextCustomizers = set[org.springframework.boot.test.context.filter.ExcludeFilterContextCustomizer@704deff2, org.springframework.boot.test.json.DuplicateJsonObjectContextCustomizerFactory$DuplicateJsonObjectContextCustomizer@6986852, org.springframework.boot.test.mock.mockito.MockitoContextCustomizer@0, org.springframework.boot.test.web.client.TestRestTemplateContextCustomizer@14fa86ae, org.springframework.boot.test.web.reactive.server.WebTestClientContextCustomizer@398dada8, org.springframework.boot.test.autoconfigure.actuate.metrics.MetricsExportContextCustomizerFactory$DisableMetricExportContextCustomizer@2049a9c1, org.springframework.boot.test.autoconfigure.properties.PropertyMappingContextCustomizer@0, org.springframework.boot.test.autoconfigure.web.servlet.WebDriverContextCustomizerFactory$Customizer@6cdba6dc, org.springframework.boot.test.context.SpringBootTestArgs@1, org.springframework.boot.test.context.SpringBootTestWebEnvironment@74e52303], resourceBasePath = 'src/main/webapp', contextLoader = 'org.springframework.boot.test.context.SpringBootContextLoader', parent = [null]], attributes = map['org.springframework.test.context.web.ServletTestExecutionListener.activateListener' -> true]], class annotated with @DirtiesContext [false] with mode [null].

  .   ____          _            __ _ _
 /\\ / ___'_ __ _ _(_)_ __  __ _ \ \ \ \
( ( )\___ | '_ | '_| | '_ \/ _` | \ \ \ \
 \\/  ___)| |_)| | | | | || (_| |  ) ) ) )
  '  |____| .__|_| |_|_| |_\__, | / / / /
 =========|_|==============|___/=/_/_/_/
 :: Spring Boot ::               (v2.7.12)

INFO  23-10-17 16:17:43[main] [InfinityBookApplicationTests:55] - Starting InfinityBookApplicationTests using Java 11.0.18 on DESKTOP-PJMAS1486 with PID 26960 (started by Lch in D:\study\14_BOOT\InfinityBook)
INFO  23-10-17 16:17:43[main] [InfinityBookApplicationTests:631] - No active profile set, falling back to 1 default profile: "default"
WARN  23-10-17 16:17:44[main] [ClassPathMapperScanner:44] - Skipping MapperFactoryBean with name 'adminBookDAO' and 'kr.co.book.admin.dao.AdminBookDAO' mapperInterface. Bean already defined with the same name!
WARN  23-10-17 16:17:44[main] [ClassPathMapperScanner:44] - Skipping MapperFactoryBean with name 'adminBookReportDAO' and 'kr.co.book.admin.dao.AdminBookReportDAO' mapperInterface. Bean already defined with the same name!
WARN  23-10-17 16:17:44[main] [ClassPathMapperScanner:44] - Skipping MapperFactoryBean with name 'adminClubDAO' and 'kr.co.book.admin.dao.AdminClubDAO' mapperInterface. Bean already defined with the same name!
WARN  23-10-17 16:17:44[main] [ClassPathMapperScanner:44] - Skipping MapperFactoryBean with name 'adminCodeDAO' and 'kr.co.book.admin.dao.AdminCodeDAO' mapperInterface. Bean already defined with the same name!
WARN  23-10-17 16:17:44[main] [ClassPathMapperScanner:44] - Skipping MapperFactoryBean with name 'adminDepositDAO' and 'kr.co.book.admin.dao.AdminDepositDAO' mapperInterface. Bean already defined with the same name!
WARN  23-10-17 16:17:44[main] [ClassPathMapperScanner:44] - Skipping MapperFactoryBean with name 'adminEventDAO' and 'kr.co.book.admin.dao.AdminEventDAO' mapperInterface. Bean already defined with the same name!
WARN  23-10-17 16:17:44[main] [ClassPathMapperScanner:44] - Skipping MapperFactoryBean with name 'adminInquiryDAO' and 'kr.co.book.admin.dao.AdminInquiryDAO' mapperInterface. Bean already defined with the same name!
WARN  23-10-17 16:17:44[main] [ClassPathMapperScanner:44] - Skipping MapperFactoryBean with name 'adminMemberDAO' and 'kr.co.book.admin.dao.AdminMemberDAO' mapperInterface. Bean already defined with the same name!
WARN  23-10-17 16:17:44[main] [ClassPathMapperScanner:44] - Skipping MapperFactoryBean with name 'adminNoticeDAO' and 'kr.co.book.admin.dao.AdminNoticeDAO' mapperInterface. Bean already defined with the same name!
WARN  23-10-17 16:17:44[main] [ClassPathMapperScanner:44] - Skipping MapperFactoryBean with name 'adminPointDAO' and 'kr.co.book.admin.dao.AdminPointDAO' mapperInterface. Bean already defined with the same name!
WARN  23-10-17 16:17:44[main] [ClassPathMapperScanner:44] - Skipping MapperFactoryBean with name 'adminReportDAO' and 'kr.co.book.admin.dao.AdminReportDAO' mapperInterface. Bean already defined with the same name!
WARN  23-10-17 16:17:44[main] [ClassPathMapperScanner:44] - No MyBatis mapper was found in '[kr.co.book.admin.dao]' package. Please check your configuration.
WARN  23-10-17 16:17:44[main] [ClassPathMapperScanner:44] - Skipping MapperFactoryBean with name 'adminBookDAO' and 'kr.co.book.admin.dao.AdminBookDAO' mapperInterface. Bean already defined with the same name!
WARN  23-10-17 16:17:44[main] [ClassPathMapperScanner:44] - Skipping MapperFactoryBean with name 'adminBookReportDAO' and 'kr.co.book.admin.dao.AdminBookReportDAO' mapperInterface. Bean already defined with the same name!
WARN  23-10-17 16:17:44[main] [ClassPathMapperScanner:44] - Skipping MapperFactoryBean with name 'adminClubDAO' and 'kr.co.book.admin.dao.AdminClubDAO' mapperInterface. Bean already defined with the same name!
WARN  23-10-17 16:17:44[main] [ClassPathMapperScanner:44] - Skipping MapperFactoryBean with name 'adminCodeDAO' and 'kr.co.book.admin.dao.AdminCodeDAO' mapperInterface. Bean already defined with the same name!
WARN  23-10-17 16:17:44[main] [ClassPathMapperScanner:44] - Skipping MapperFactoryBean with name 'adminDepositDAO' and 'kr.co.book.admin.dao.AdminDepositDAO' mapperInterface. Bean already defined with the same name!
WARN  23-10-17 16:17:44[main] [ClassPathMapperScanner:44] - Skipping MapperFactoryBean with name 'adminEventDAO' and 'kr.co.book.admin.dao.AdminEventDAO' mapperInterface. Bean already defined with the same name!
WARN  23-10-17 16:17:44[main] [ClassPathMapperScanner:44] - Skipping MapperFactoryBean with name 'adminInquiryDAO' and 'kr.co.book.admin.dao.AdminInquiryDAO' mapperInterface. Bean already defined with the same name!
WARN  23-10-17 16:17:44[main] [ClassPathMapperScanner:44] - Skipping MapperFactoryBean with name 'adminMemberDAO' and 'kr.co.book.admin.dao.AdminMemberDAO' mapperInterface. Bean already defined with the same name!
WARN  23-10-17 16:17:44[main] [ClassPathMapperScanner:44] - Skipping MapperFactoryBean with name 'adminNoticeDAO' and 'kr.co.book.admin.dao.AdminNoticeDAO' mapperInterface. Bean already defined with the same name!
WARN  23-10-17 16:17:44[main] [ClassPathMapperScanner:44] - Skipping MapperFactoryBean with name 'adminPointDAO' and 'kr.co.book.admin.dao.AdminPointDAO' mapperInterface. Bean already defined with the same name!
WARN  23-10-17 16:17:44[main] [ClassPathMapperScanner:44] - Skipping MapperFactoryBean with name 'adminReportDAO' and 'kr.co.book.admin.dao.AdminReportDAO' mapperInterface. Bean already defined with the same name!
WARN  23-10-17 16:17:44[main] [ClassPathMapperScanner:44] - No MyBatis mapper was found in '[kr.co.book.admin.dao]' package. Please check your configuration.
WARN  23-10-17 16:17:44[main] [ClassPathMapperScanner:44] - Skipping MapperFactoryBean with name 'adminBookDAO' and 'kr.co.book.admin.dao.AdminBookDAO' mapperInterface. Bean already defined with the same name!
WARN  23-10-17 16:17:44[main] [ClassPathMapperScanner:44] - Skipping MapperFactoryBean with name 'adminBookReportDAO' and 'kr.co.book.admin.dao.AdminBookReportDAO' mapperInterface. Bean already defined with the same name!
WARN  23-10-17 16:17:44[main] [ClassPathMapperScanner:44] - Skipping MapperFactoryBean with name 'adminClubDAO' and 'kr.co.book.admin.dao.AdminClubDAO' mapperInterface. Bean already defined with the same name!
WARN  23-10-17 16:17:44[main] [ClassPathMapperScanner:44] - Skipping MapperFactoryBean with name 'adminCodeDAO' and 'kr.co.book.admin.dao.AdminCodeDAO' mapperInterface. Bean already defined with the same name!
WARN  23-10-17 16:17:44[main] [ClassPathMapperScanner:44] - Skipping MapperFactoryBean with name 'adminDepositDAO' and 'kr.co.book.admin.dao.AdminDepositDAO' mapperInterface. Bean already defined with the same name!
WARN  23-10-17 16:17:44[main] [ClassPathMapperScanner:44] - Skipping MapperFactoryBean with name 'adminEventDAO' and 'kr.co.book.admin.dao.AdminEventDAO' mapperInterface. Bean already defined with the same name!
WARN  23-10-17 16:17:44[main] [ClassPathMapperScanner:44] - Skipping MapperFactoryBean with name 'adminInquiryDAO' and 'kr.co.book.admin.dao.AdminInquiryDAO' mapperInterface. Bean already defined with the same name!
WARN  23-10-17 16:17:44[main] [ClassPathMapperScanner:44] - Skipping MapperFactoryBean with name 'adminMemberDAO' and 'kr.co.book.admin.dao.AdminMemberDAO' mapperInterface. Bean already defined with the same name!
WARN  23-10-17 16:17:44[main] [ClassPathMapperScanner:44] - Skipping MapperFactoryBean with name 'adminNoticeDAO' and 'kr.co.book.admin.dao.AdminNoticeDAO' mapperInterface. Bean already defined with the same name!
WARN  23-10-17 16:17:44[main] [ClassPathMapperScanner:44] - Skipping MapperFactoryBean with name 'adminPointDAO' and 'kr.co.book.admin.dao.AdminPointDAO' mapperInterface. Bean already defined with the same name!
WARN  23-10-17 16:17:44[main] [ClassPathMapperScanner:44] - Skipping MapperFactoryBean with name 'adminReportDAO' and 'kr.co.book.admin.dao.AdminReportDAO' mapperInterface. Bean already defined with the same name!
WARN  23-10-17 16:17:44[main] [ClassPathMapperScanner:44] - No MyBatis mapper was found in '[kr.co.book.admin.dao]' package. Please check your configuration.
WARN  23-10-17 16:17:44[main] [ClassPathMapperScanner:44] - Skipping MapperFactoryBean with name 'adminBookDAO' and 'kr.co.book.admin.dao.AdminBookDAO' mapperInterface. Bean already defined with the same name!
WARN  23-10-17 16:17:44[main] [ClassPathMapperScanner:44] - Skipping MapperFactoryBean with name 'adminBookReportDAO' and 'kr.co.book.admin.dao.AdminBookReportDAO' mapperInterface. Bean already defined with the same name!
WARN  23-10-17 16:17:44[main] [ClassPathMapperScanner:44] - Skipping MapperFactoryBean with name 'adminClubDAO' and 'kr.co.book.admin.dao.AdminClubDAO' mapperInterface. Bean already defined with the same name!
WARN  23-10-17 16:17:44[main] [ClassPathMapperScanner:44] - Skipping MapperFactoryBean with name 'adminCodeDAO' and 'kr.co.book.admin.dao.AdminCodeDAO' mapperInterface. Bean already defined with the same name!
WARN  23-10-17 16:17:44[main] [ClassPathMapperScanner:44] - Skipping MapperFactoryBean with name 'adminDepositDAO' and 'kr.co.book.admin.dao.AdminDepositDAO' mapperInterface. Bean already defined with the same name!
WARN  23-10-17 16:17:44[main] [ClassPathMapperScanner:44] - Skipping MapperFactoryBean with name 'adminEventDAO' and 'kr.co.book.admin.dao.AdminEventDAO' mapperInterface. Bean already defined with the same name!
WARN  23-10-17 16:17:44[main] [ClassPathMapperScanner:44] - Skipping MapperFactoryBean with name 'adminInquiryDAO' and 'kr.co.book.admin.dao.AdminInquiryDAO' mapperInterface. Bean already defined with the same name!
WARN  23-10-17 16:17:44[main] [ClassPathMapperScanner:44] - Skipping MapperFactoryBean with name 'adminMemberDAO' and 'kr.co.book.admin.dao.AdminMemberDAO' mapperInterface. Bean already defined with the same name!
WARN  23-10-17 16:17:44[main] [ClassPathMapperScanner:44] - Skipping MapperFactoryBean with name 'adminNoticeDAO' and 'kr.co.book.admin.dao.AdminNoticeDAO' mapperInterface. Bean already defined with the same name!
WARN  23-10-17 16:17:44[main] [ClassPathMapperScanner:44] - Skipping MapperFactoryBean with name 'adminPointDAO' and 'kr.co.book.admin.dao.AdminPointDAO' mapperInterface. Bean already defined with the same name!
WARN  23-10-17 16:17:44[main] [ClassPathMapperScanner:44] - Skipping MapperFactoryBean with name 'adminReportDAO' and 'kr.co.book.admin.dao.AdminReportDAO' mapperInterface. Bean already defined with the same name!
WARN  23-10-17 16:17:44[main] [ClassPathMapperScanner:44] - No MyBatis mapper was found in '[kr.co.book.admin.dao]' package. Please check your configuration.
WARN  23-10-17 16:17:44[main] [ClassPathMapperScanner:44] - Skipping MapperFactoryBean with name 'adminBookDAO' and 'kr.co.book.admin.dao.AdminBookDAO' mapperInterface. Bean already defined with the same name!
WARN  23-10-17 16:17:44[main] [ClassPathMapperScanner:44] - Skipping MapperFactoryBean with name 'adminBookReportDAO' and 'kr.co.book.admin.dao.AdminBookReportDAO' mapperInterface. Bean already defined with the same name!
WARN  23-10-17 16:17:44[main] [ClassPathMapperScanner:44] - Skipping MapperFactoryBean with name 'adminClubDAO' and 'kr.co.book.admin.dao.AdminClubDAO' mapperInterface. Bean already defined with the same name!
WARN  23-10-17 16:17:44[main] [ClassPathMapperScanner:44] - Skipping MapperFactoryBean with name 'adminCodeDAO' and 'kr.co.book.admin.dao.AdminCodeDAO' mapperInterface. Bean already defined with the same name!
WARN  23-10-17 16:17:44[main] [ClassPathMapperScanner:44] - Skipping MapperFactoryBean with name 'adminDepositDAO' and 'kr.co.book.admin.dao.AdminDepositDAO' mapperInterface. Bean already defined with the same name!
WARN  23-10-17 16:17:44[main] [ClassPathMapperScanner:44] - Skipping MapperFactoryBean with name 'adminEventDAO' and 'kr.co.book.admin.dao.AdminEventDAO' mapperInterface. Bean already defined with the same name!
WARN  23-10-17 16:17:44[main] [ClassPathMapperScanner:44] - Skipping MapperFactoryBean with name 'adminInquiryDAO' and 'kr.co.book.admin.dao.AdminInquiryDAO' mapperInterface. Bean already defined with the same name!
WARN  23-10-17 16:17:44[main] [ClassPathMapperScanner:44] - Skipping MapperFactoryBean with name 'adminMemberDAO' and 'kr.co.book.admin.dao.AdminMemberDAO' mapperInterface. Bean already defined with the same name!
WARN  23-10-17 16:17:44[main] [ClassPathMapperScanner:44] - Skipping MapperFactoryBean with name 'adminNoticeDAO' and 'kr.co.book.admin.dao.AdminNoticeDAO' mapperInterface. Bean already defined with the same name!
WARN  23-10-17 16:17:44[main] [ClassPathMapperScanner:44] - Skipping MapperFactoryBean with name 'adminPointDAO' and 'kr.co.book.admin.dao.AdminPointDAO' mapperInterface. Bean already defined with the same name!
WARN  23-10-17 16:17:44[main] [ClassPathMapperScanner:44] - Skipping MapperFactoryBean with name 'adminReportDAO' and 'kr.co.book.admin.dao.AdminReportDAO' mapperInterface. Bean already defined with the same name!
WARN  23-10-17 16:17:44[main] [ClassPathMapperScanner:44] - No MyBatis mapper was found in '[kr.co.book.admin.dao]' package. Please check your configuration.
WARN  23-10-17 16:17:44[main] [ClassPathMapperScanner:44] - Skipping MapperFactoryBean with name 'adminBookDAO' and 'kr.co.book.admin.dao.AdminBookDAO' mapperInterface. Bean already defined with the same name!
WARN  23-10-17 16:17:44[main] [ClassPathMapperScanner:44] - Skipping MapperFactoryBean with name 'adminBookReportDAO' and 'kr.co.book.admin.dao.AdminBookReportDAO' mapperInterface. Bean already defined with the same name!
WARN  23-10-17 16:17:44[main] [ClassPathMapperScanner:44] - Skipping MapperFactoryBean with name 'adminClubDAO' and 'kr.co.book.admin.dao.AdminClubDAO' mapperInterface. Bean already defined with the same name!
WARN  23-10-17 16:17:44[main] [ClassPathMapperScanner:44] - Skipping MapperFactoryBean with name 'adminCodeDAO' and 'kr.co.book.admin.dao.AdminCodeDAO' mapperInterface. Bean already defined with the same name!
WARN  23-10-17 16:17:44[main] [ClassPathMapperScanner:44] - Skipping MapperFactoryBean with name 'adminDepositDAO' and 'kr.co.book.admin.dao.AdminDepositDAO' mapperInterface. Bean already defined with the same name!
WARN  23-10-17 16:17:44[main] [ClassPathMapperScanner:44] - Skipping MapperFactoryBean with name 'adminEventDAO' and 'kr.co.book.admin.dao.AdminEventDAO' mapperInterface. Bean already defined with the same name!
WARN  23-10-17 16:17:44[main] [ClassPathMapperScanner:44] - Skipping MapperFactoryBean with name 'adminInquiryDAO' and 'kr.co.book.admin.dao.AdminInquiryDAO' mapperInterface. Bean already defined with the same name!
WARN  23-10-17 16:17:44[main] [ClassPathMapperScanner:44] - Skipping MapperFactoryBean with name 'adminMemberDAO' and 'kr.co.book.admin.dao.AdminMemberDAO' mapperInterface. Bean already defined with the same name!
WARN  23-10-17 16:17:44[main] [ClassPathMapperScanner:44] - Skipping MapperFactoryBean with name 'adminNoticeDAO' and 'kr.co.book.admin.dao.AdminNoticeDAO' mapperInterface. Bean already defined with the same name!
WARN  23-10-17 16:17:44[main] [ClassPathMapperScanner:44] - Skipping MapperFactoryBean with name 'adminPointDAO' and 'kr.co.book.admin.dao.AdminPointDAO' mapperInterface. Bean already defined with the same name!
WARN  23-10-17 16:17:44[main] [ClassPathMapperScanner:44] - Skipping MapperFactoryBean with name 'adminReportDAO' and 'kr.co.book.admin.dao.AdminReportDAO' mapperInterface. Bean already defined with the same name!
WARN  23-10-17 16:17:44[main] [ClassPathMapperScanner:44] - No MyBatis mapper was found in '[kr.co.book.admin.dao]' package. Please check your configuration.
WARN  23-10-17 16:17:44[main] [ClassPathMapperScanner:44] - Skipping MapperFactoryBean with name 'adminBookDAO' and 'kr.co.book.admin.dao.AdminBookDAO' mapperInterface. Bean already defined with the same name!
WARN  23-10-17 16:17:44[main] [ClassPathMapperScanner:44] - Skipping MapperFactoryBean with name 'adminBookReportDAO' and 'kr.co.book.admin.dao.AdminBookReportDAO' mapperInterface. Bean already defined with the same name!
WARN  23-10-17 16:17:44[main] [ClassPathMapperScanner:44] - Skipping MapperFactoryBean with name 'adminClubDAO' and 'kr.co.book.admin.dao.AdminClubDAO' mapperInterface. Bean already defined with the same name!
WARN  23-10-17 16:17:44[main] [ClassPathMapperScanner:44] - Skipping MapperFactoryBean with name 'adminCodeDAO' and 'kr.co.book.admin.dao.AdminCodeDAO' mapperInterface. Bean already defined with the same name!
WARN  23-10-17 16:17:44[main] [ClassPathMapperScanner:44] - Skipping MapperFactoryBean with name 'adminDepositDAO' and 'kr.co.book.admin.dao.AdminDepositDAO' mapperInterface. Bean already defined with the same name!
WARN  23-10-17 16:17:44[main] [ClassPathMapperScanner:44] - Skipping MapperFactoryBean with name 'adminEventDAO' and 'kr.co.book.admin.dao.AdminEventDAO' mapperInterface. Bean already defined with the same name!
WARN  23-10-17 16:17:44[main] [ClassPathMapperScanner:44] - Skipping MapperFactoryBean with name 'adminInquiryDAO' and 'kr.co.book.admin.dao.AdminInquiryDAO' mapperInterface. Bean already defined with the same name!
WARN  23-10-17 16:17:44[main] [ClassPathMapperScanner:44] - Skipping MapperFactoryBean with name 'adminMemberDAO' and 'kr.co.book.admin.dao.AdminMemberDAO' mapperInterface. Bean already defined with the same name!
WARN  23-10-17 16:17:44[main] [ClassPathMapperScanner:44] - Skipping MapperFactoryBean with name 'adminNoticeDAO' and 'kr.co.book.admin.dao.AdminNoticeDAO' mapperInterface. Bean already defined with the same name!
WARN  23-10-17 16:17:44[main] [ClassPathMapperScanner:44] - Skipping MapperFactoryBean with name 'adminPointDAO' and 'kr.co.book.admin.dao.AdminPointDAO' mapperInterface. Bean already defined with the same name!
WARN  23-10-17 16:17:44[main] [ClassPathMapperScanner:44] - Skipping MapperFactoryBean with name 'adminReportDAO' and 'kr.co.book.admin.dao.AdminReportDAO' mapperInterface. Bean already defined with the same name!
WARN  23-10-17 16:17:44[main] [ClassPathMapperScanner:44] - No MyBatis mapper was found in '[kr.co.book.admin.dao]' package. Please check your configuration.
WARN  23-10-17 16:17:44[main] [ClassPathMapperScanner:44] - Skipping MapperFactoryBean with name 'adminBookDAO' and 'kr.co.book.admin.dao.AdminBookDAO' mapperInterface. Bean already defined with the same name!
WARN  23-10-17 16:17:44[main] [ClassPathMapperScanner:44] - Skipping MapperFactoryBean with name 'adminBookReportDAO' and 'kr.co.book.admin.dao.AdminBookReportDAO' mapperInterface. Bean already defined with the same name!
WARN  23-10-17 16:17:44[main] [ClassPathMapperScanner:44] - Skipping MapperFactoryBean with name 'adminClubDAO' and 'kr.co.book.admin.dao.AdminClubDAO' mapperInterface. Bean already defined with the same name!
WARN  23-10-17 16:17:44[main] [ClassPathMapperScanner:44] - Skipping MapperFactoryBean with name 'adminCodeDAO' and 'kr.co.book.admin.dao.AdminCodeDAO' mapperInterface. Bean already defined with the same name!
WARN  23-10-17 16:17:44[main] [ClassPathMapperScanner:44] - Skipping MapperFactoryBean with name 'adminDepositDAO' and 'kr.co.book.admin.dao.AdminDepositDAO' mapperInterface. Bean already defined with the same name!
WARN  23-10-17 16:17:44[main] [ClassPathMapperScanner:44] - Skipping MapperFactoryBean with name 'adminEventDAO' and 'kr.co.book.admin.dao.AdminEventDAO' mapperInterface. Bean already defined with the same name!
WARN  23-10-17 16:17:44[main] [ClassPathMapperScanner:44] - Skipping MapperFactoryBean with name 'adminInquiryDAO' and 'kr.co.book.admin.dao.AdminInquiryDAO' mapperInterface. Bean already defined with the same name!
WARN  23-10-17 16:17:44[main] [ClassPathMapperScanner:44] - Skipping MapperFactoryBean with name 'adminMemberDAO' and 'kr.co.book.admin.dao.AdminMemberDAO' mapperInterface. Bean already defined with the same name!
WARN  23-10-17 16:17:44[main] [ClassPathMapperScanner:44] - Skipping MapperFactoryBean with name 'adminNoticeDAO' and 'kr.co.book.admin.dao.AdminNoticeDAO' mapperInterface. Bean already defined with the same name!
WARN  23-10-17 16:17:44[main] [ClassPathMapperScanner:44] - Skipping MapperFactoryBean with name 'adminPointDAO' and 'kr.co.book.admin.dao.AdminPointDAO' mapperInterface. Bean already defined with the same name!
WARN  23-10-17 16:17:44[main] [ClassPathMapperScanner:44] - Skipping MapperFactoryBean with name 'adminReportDAO' and 'kr.co.book.admin.dao.AdminReportDAO' mapperInterface. Bean already defined with the same name!
WARN  23-10-17 16:17:44[main] [ClassPathMapperScanner:44] - No MyBatis mapper was found in '[kr.co.book.admin.dao]' package. Please check your configuration.
WARN  23-10-17 16:17:44[main] [ClassPathMapperScanner:44] - Skipping MapperFactoryBean with name 'activitiesDAO' and 'kr.co.book.mypage.dao.ActivitiesDAO' mapperInterface. Bean already defined with the same name!
WARN  23-10-17 16:17:44[main] [ClassPathMapperScanner:44] - Skipping MapperFactoryBean with name 'calenderDAO' and 'kr.co.book.mypage.dao.CalenderDAO' mapperInterface. Bean already defined with the same name!
WARN  23-10-17 16:17:44[main] [ClassPathMapperScanner:44] - Skipping MapperFactoryBean with name 'depositDAO' and 'kr.co.book.mypage.dao.DepositDAO' mapperInterface. Bean already defined with the same name!
WARN  23-10-17 16:17:44[main] [ClassPathMapperScanner:44] - Skipping MapperFactoryBean with name 'libraryDAO' and 'kr.co.book.mypage.dao.LibraryDAO' mapperInterface. Bean already defined with the same name!
WARN  23-10-17 16:17:44[main] [ClassPathMapperScanner:44] - Skipping MapperFactoryBean with name 'myBookReportDAO' and 'kr.co.book.mypage.dao.MyBookReportDAO' mapperInterface. Bean already defined with the same name!
WARN  23-10-17 16:17:44[main] [ClassPathMapperScanner:44] - Skipping MapperFactoryBean with name 'myInquiryDAO' and 'kr.co.book.mypage.dao.MyInquiryDAO' mapperInterface. Bean already defined with the same name!
WARN  23-10-17 16:17:44[main] [ClassPathMapperScanner:44] - Skipping MapperFactoryBean with name 'trackerDAO' and 'kr.co.book.mypage.dao.TrackerDAO' mapperInterface. Bean already defined with the same name!
WARN  23-10-17 16:17:44[main] [ClassPathMapperScanner:44] - No MyBatis mapper was found in '[kr.co.book.mypage.dao]' package. Please check your configuration.
WARN  23-10-17 16:17:44[main] [ClassPathMapperScanner:44] - Skipping MapperFactoryBean with name 'activitiesDAO' and 'kr.co.book.mypage.dao.ActivitiesDAO' mapperInterface. Bean already defined with the same name!
WARN  23-10-17 16:17:44[main] [ClassPathMapperScanner:44] - Skipping MapperFactoryBean with name 'calenderDAO' and 'kr.co.book.mypage.dao.CalenderDAO' mapperInterface. Bean already defined with the same name!
WARN  23-10-17 16:17:44[main] [ClassPathMapperScanner:44] - Skipping MapperFactoryBean with name 'depositDAO' and 'kr.co.book.mypage.dao.DepositDAO' mapperInterface. Bean already defined with the same name!
WARN  23-10-17 16:17:44[main] [ClassPathMapperScanner:44] - Skipping MapperFactoryBean with name 'libraryDAO' and 'kr.co.book.mypage.dao.LibraryDAO' mapperInterface. Bean already defined with the same name!
WARN  23-10-17 16:17:44[main] [ClassPathMapperScanner:44] - Skipping MapperFactoryBean with name 'myBookReportDAO' and 'kr.co.book.mypage.dao.MyBookReportDAO' mapperInterface. Bean already defined with the same name!
WARN  23-10-17 16:17:44[main] [ClassPathMapperScanner:44] - Skipping MapperFactoryBean with name 'myInquiryDAO' and 'kr.co.book.mypage.dao.MyInquiryDAO' mapperInterface. Bean already defined with the same name!
WARN  23-10-17 16:17:44[main] [ClassPathMapperScanner:44] - Skipping MapperFactoryBean with name 'trackerDAO' and 'kr.co.book.mypage.dao.TrackerDAO' mapperInterface. Bean already defined with the same name!
WARN  23-10-17 16:17:44[main] [ClassPathMapperScanner:44] - No MyBatis mapper was found in '[kr.co.book.mypage.dao]' package. Please check your configuration.
WARN  23-10-17 16:17:44[main] [ClassPathMapperScanner:44] - Skipping MapperFactoryBean with name 'changeDAO' and 'kr.co.book.transaction.dao.ChangeDAO' mapperInterface. Bean already defined with the same name!
WARN  23-10-17 16:17:44[main] [ClassPathMapperScanner:44] - Skipping MapperFactoryBean with name 'rentDAO' and 'kr.co.book.transaction.dao.RentDAO' mapperInterface. Bean already defined with the same name!
WARN  23-10-17 16:17:44[main] [ClassPathMapperScanner:44] - Skipping MapperFactoryBean with name 'transactionListDAO' and 'kr.co.book.transaction.dao.TransactionListDAO' mapperInterface. Bean already defined with the same name!
WARN  23-10-17 16:17:44[main] [ClassPathMapperScanner:44] - No MyBatis mapper was found in '[kr.co.book.transaction.dao]' package. Please check your configuration.
WARN  23-10-17 16:17:44[main] [ClassPathMapperScanner:44] - Skipping MapperFactoryBean with name 'changeDAO' and 'kr.co.book.transaction.dao.ChangeDAO' mapperInterface. Bean already defined with the same name!
WARN  23-10-17 16:17:44[main] [ClassPathMapperScanner:44] - Skipping MapperFactoryBean with name 'rentDAO' and 'kr.co.book.transaction.dao.RentDAO' mapperInterface. Bean already defined with the same name!
WARN  23-10-17 16:17:44[main] [ClassPathMapperScanner:44] - Skipping MapperFactoryBean with name 'transactionListDAO' and 'kr.co.book.transaction.dao.TransactionListDAO' mapperInterface. Bean already defined with the same name!
WARN  23-10-17 16:17:44[main] [ClassPathMapperScanner:44] - No MyBatis mapper was found in '[kr.co.book.transaction.dao]' package. Please check your configuration.
WARN  23-10-17 16:17:45[main] [UserDetailsServiceAutoConfiguration:89] - 

Using generated security password: 7daddc32-6b92-4e80-8576-a6017d9cf273

This generated password is for development use only. Your security configuration must be updated before running your application in production.

INFO  23-10-17 16:17:45[main] [DefaultSecurityFilterChain:55] - Will secure any request with [org.springframework.security.web.session.DisableEncodeUrlFilter@1a2e563e, org.springframework.security.web.context.request.async.WebAsyncManagerIntegrationFilter@5b066c33, org.springframework.security.web.context.SecurityContextPersistenceFilter@4b3a01d8, org.springframework.security.web.header.HeaderWriterFilter@53016b11, org.springframework.security.web.authentication.logout.LogoutFilter@2d22d3b1, org.springframework.security.web.savedrequest.RequestCacheAwareFilter@774d8276, org.springframework.security.web.servletapi.SecurityContextHolderAwareRequestFilter@76a9a009, org.springframework.security.web.authentication.AnonymousAuthenticationFilter@62ea8931, org.springframework.security.web.session.SessionManagementFilter@7761e342, org.springframework.security.web.access.ExceptionTranslationFilter@6321a5aa]
WARN  23-10-17 16:17:45[main] [GenericWebApplicationContext:591] - Exception encountered during context initialization - cancelling refresh attempt: org.springframework.beans.factory.BeanCreationException: Error creating bean with name 'serverEndpointExporter' defined in class path resource [kr/co/book/config/WebSocketConfig.class]: Invocation of init method failed; nested exception is java.lang.IllegalStateException: javax.websocket.server.ServerContainer not available
INFO  23-10-17 16:17:45[main] [ConditionEvaluationReportLoggingListener:136] - 

Error starting ApplicationContext. To display the conditions report re-run your application with 'debug' enabled.
ERROR 23-10-17 16:17:45[main] [SpringApplication:821] - Application run failed
org.springframework.beans.factory.BeanCreationException: Error creating bean with name 'serverEndpointExporter' defined in class path resource [kr/co/book/config/WebSocketConfig.class]: Invocation of init method failed; nested exception is java.lang.IllegalStateException: javax.websocket.server.ServerContainer not available
	at org.springframework.beans.factory.support.AbstractAutowireCapableBeanFactory.initializeBean(AbstractAutowireCapableBeanFactory.java:1804)
	at org.springframework.beans.factory.support.AbstractAutowireCapableBeanFactory.doCreateBean(AbstractAutowireCapableBeanFactory.java:620)
	at org.springframework.beans.factory.support.AbstractAutowireCapableBeanFactory.createBean(AbstractAutowireCapableBeanFactory.java:542)
	at org.springframework.beans.factory.support.AbstractBeanFactory.lambda$doGetBean$0(AbstractBeanFactory.java:335)
	at org.springframework.beans.factory.support.DefaultSingletonBeanRegistry.getSingleton(DefaultSingletonBeanRegistry.java:234)
	at org.springframework.beans.factory.support.AbstractBeanFactory.doGetBean(AbstractBeanFactory.java:333)
	at org.springframework.beans.factory.support.AbstractBeanFactory.getBean(AbstractBeanFactory.java:208)
	at org.springframework.beans.factory.support.DefaultListableBeanFactory.preInstantiateSingletons(DefaultListableBeanFactory.java:955)
	at org.springframework.context.support.AbstractApplicationContext.finishBeanFactoryInitialization(AbstractApplicationContext.java:920)
	at org.springframework.context.support.AbstractApplicationContext.refresh(AbstractApplicationContext.java:583)
	at org.springframework.boot.SpringApplication.refresh(SpringApplication.java:731)
	at org.springframework.boot.SpringApplication.refreshContext(SpringApplication.java:408)
	at org.springframework.boot.SpringApplication.run(SpringApplication.java:307)
	at org.springframework.boot.test.context.SpringBootContextLoader.loadContext(SpringBootContextLoader.java:136)
	at org.springframework.test.context.cache.DefaultCacheAwareContextLoaderDelegate.loadContextInternal(DefaultCacheAwareContextLoaderDelegate.java:141)
	at org.springframework.test.context.cache.DefaultCacheAwareContextLoaderDelegate.loadContext(DefaultCacheAwareContextLoaderDelegate.java:90)
	at org.springframework.test.context.support.DefaultTestContext.getApplicationContext(DefaultTestContext.java:124)
	at org.springframework.test.context.web.ServletTestExecutionListener.setUpRequestContextIfNecessary(ServletTestExecutionListener.java:190)
	at org.springframework.test.context.web.ServletTestExecutionListener.prepareTestInstance(ServletTestExecutionListener.java:132)
	at org.springframework.test.context.TestContextManager.prepareTestInstance(TestContextManager.java:248)
	at org.springframework.test.context.junit.jupiter.SpringExtension.postProcessTestInstance(SpringExtension.java:138)
	at org.junit.jupiter.engine.descriptor.ClassBasedTestDescriptor.lambda$invokeTestInstancePostProcessors$8(ClassBasedTestDescriptor.java:363)
	at org.junit.jupiter.engine.descriptor.ClassBasedTestDescriptor.executeAndMaskThrowable(ClassBasedTestDescriptor.java:368)
	at org.junit.jupiter.engine.descriptor.ClassBasedTestDescriptor.lambda$invokeTestInstancePostProcessors$9(ClassBasedTestDescriptor.java:363)
	at java.base/java.util.stream.ReferencePipeline$3$1.accept(ReferencePipeline.java:195)
	at java.base/java.util.stream.ReferencePipeline$2$1.accept(ReferencePipeline.java:177)
	at java.base/java.util.ArrayList$ArrayListSpliterator.forEachRemaining(ArrayList.java:1655)
	at java.base/java.util.stream.AbstractPipeline.copyInto(AbstractPipeline.java:484)
	at java.base/java.util.stream.AbstractPipeline.wrapAndCopyInto(AbstractPipeline.java:474)
	at java.base/java.util.stream.StreamSpliterators$WrappingSpliterator.forEachRemaining(StreamSpliterators.java:312)
	at java.base/java.util.stream.Streams$ConcatSpliterator.forEachRemaining(Streams.java:735)
	at java.base/java.util.stream.Streams$ConcatSpliterator.forEachRemaining(Streams.java:734)
	at java.base/java.util.stream.ReferencePipeline$Head.forEach(ReferencePipeline.java:658)
	at org.junit.jupiter.engine.descriptor.ClassBasedTestDescriptor.invokeTestInstancePostProcessors(ClassBasedTestDescriptor.java:362)
	at org.junit.jupiter.engine.descriptor.ClassBasedTestDescriptor.lambda$instantiateAndPostProcessTestInstance$6(ClassBasedTestDescriptor.java:283)
	at org.junit.platform.engine.support.hierarchical.ThrowableCollector.execute(ThrowableCollector.java:73)
	at org.junit.jupiter.engine.descriptor.ClassBasedTestDescriptor.instantiateAndPostProcessTestInstance(ClassBasedTestDescriptor.java:282)
	at org.junit.jupiter.engine.descriptor.ClassBasedTestDescriptor.lambda$testInstancesProvider$4(ClassBasedTestDescriptor.java:272)
	at java.base/java.util.Optional.orElseGet(Optional.java:369)
	at org.junit.jupiter.engine.descriptor.ClassBasedTestDescriptor.lambda$testInstancesProvider$5(ClassBasedTestDescriptor.java:271)
	at org.junit.jupiter.engine.execution.TestInstancesProvider.getTestInstances(TestInstancesProvider.java:31)
	at org.junit.jupiter.engine.descriptor.TestMethodTestDescriptor.lambda$prepare$0(TestMethodTestDescriptor.java:102)
	at org.junit.platform.engine.support.hierarchical.ThrowableCollector.execute(ThrowableCollector.java:73)
	at org.junit.jupiter.engine.descriptor.TestMethodTestDescriptor.prepare(TestMethodTestDescriptor.java:101)
	at org.junit.jupiter.engine.descriptor.TestMethodTestDescriptor.prepare(TestMethodTestDescriptor.java:66)
	at org.junit.platform.engine.support.hierarchical.NodeTestTask.lambda$prepare$2(NodeTestTask.java:123)
	at org.junit.platform.engine.support.hierarchical.ThrowableCollector.execute(ThrowableCollector.java:73)
	at org.junit.platform.engine.support.hierarchical.NodeTestTask.prepare(NodeTestTask.java:123)
	at org.junit.platform.engine.support.hierarchical.NodeTestTask.execute(NodeTestTask.java:90)
	at java.base/java.util.ArrayList.forEach(ArrayList.java:1541)
	at org.junit.platform.engine.support.hierarchical.SameThreadHierarchicalTestExecutorService.invokeAll(SameThreadHierarchicalTestExecutorService.java:41)
	at org.junit.platform.engine.support.hierarchical.NodeTestTask.lambda$executeRecursively$6(NodeTestTask.java:155)
	at org.junit.platform.engine.support.hierarchical.ThrowableCollector.execute(ThrowableCollector.java:73)
	at org.junit.platform.engine.support.hierarchical.NodeTestTask.lambda$executeRecursively$8(NodeTestTask.java:141)
	at org.junit.platform.engine.support.hierarchical.Node.around(Node.java:137)
	at org.junit.platform.engine.support.hierarchical.NodeTestTask.lambda$executeRecursively$9(NodeTestTask.java:139)
	at org.junit.platform.engine.support.hierarchical.ThrowableCollector.execute(ThrowableCollector.java:73)
	at org.junit.platform.engine.support.hierarchical.NodeTestTask.executeRecursively(NodeTestTask.java:138)
	at org.junit.platform.engine.support.hierarchical.NodeTestTask.execute(NodeTestTask.java:95)
	at java.base/java.util.ArrayList.forEach(ArrayList.java:1541)
	at org.junit.platform.engine.support.hierarchical.SameThreadHierarchicalTestExecutorService.invokeAll(SameThreadHierarchicalTestExecutorService.java:41)
	at org.junit.platform.engine.support.hierarchical.NodeTestTask.lambda$executeRecursively$6(NodeTestTask.java:155)
	at org.junit.platform.engine.support.hierarchical.ThrowableCollector.execute(ThrowableCollector.java:73)
	at org.junit.platform.engine.support.hierarchical.NodeTestTask.lambda$executeRecursively$8(NodeTestTask.java:141)
	at org.junit.platform.engine.support.hierarchical.Node.around(Node.java:137)
	at org.junit.platform.engine.support.hierarchical.NodeTestTask.lambda$executeRecursively$9(NodeTestTask.java:139)
	at org.junit.platform.engine.support.hierarchical.ThrowableCollector.execute(ThrowableCollector.java:73)
	at org.junit.platform.engine.support.hierarchical.NodeTestTask.executeRecursively(NodeTestTask.java:138)
	at org.junit.platform.engine.support.hierarchical.NodeTestTask.execute(NodeTestTask.java:95)
	at org.junit.platform.engine.support.hierarchical.SameThreadHierarchicalTestExecutorService.submit(SameThreadHierarchicalTestExecutorService.java:35)
	at org.junit.platform.engine.support.hierarchical.HierarchicalTestExecutor.execute(HierarchicalTestExecutor.java:57)
	at org.junit.platform.engine.support.hierarchical.HierarchicalTestEngine.execute(HierarchicalTestEngine.java:54)
	at org.junit.platform.launcher.core.DefaultLauncher.execute(DefaultLauncher.java:220)
	at org.junit.platform.launcher.core.DefaultLauncher.lambda$execute$6(DefaultLauncher.java:188)
	at org.junit.platform.launcher.core.DefaultLauncher.withInterceptedStreams(DefaultLauncher.java:202)
	at org.junit.platform.launcher.core.DefaultLauncher.execute(DefaultLauncher.java:181)
	at org.junit.platform.launcher.core.DefaultLauncher.execute(DefaultLauncher.java:128)
	at org.apache.maven.surefire.junitplatform.JUnitPlatformProvider.invokeAllTests(JUnitPlatformProvider.java:150)
	at org.apache.maven.surefire.junitplatform.JUnitPlatformProvider.invoke(JUnitPlatformProvider.java:124)
	at org.apache.maven.surefire.booter.ForkedBooter.invokeProviderInSameClassLoader(ForkedBooter.java:384)
	at org.apache.maven.surefire.booter.ForkedBooter.runSuitesInProcess(ForkedBooter.java:345)
	at org.apache.maven.surefire.booter.ForkedBooter.execute(ForkedBooter.java:126)
	at org.apache.maven.surefire.booter.ForkedBooter.main(ForkedBooter.java:418)
Caused by: java.lang.IllegalStateException: javax.websocket.server.ServerContainer not available
	at org.springframework.util.Assert.state(Assert.java:76)
	at org.springframework.web.socket.server.standard.ServerEndpointExporter.afterPropertiesSet(ServerEndpointExporter.java:107)
	at org.springframework.beans.factory.support.AbstractAutowireCapableBeanFactory.invokeInitMethods(AbstractAutowireCapableBeanFactory.java:1863)
	at org.springframework.beans.factory.support.AbstractAutowireCapableBeanFactory.initializeBean(AbstractAutowireCapableBeanFactory.java:1800)
	... 82 common frames omitted
ERROR 23-10-17 16:17:45[main] [TestContextManager:252] - Caught exception while allowing TestExecutionListener [org.springframework.test.context.web.ServletTestExecutionListener@5c00384f] to prepare test instance [kr.co.book.InfinityBookApplicationTests@5ac044ef]
java.lang.IllegalStateException: Failed to load ApplicationContext
	at org.springframework.test.context.cache.DefaultCacheAwareContextLoaderDelegate.loadContext(DefaultCacheAwareContextLoaderDelegate.java:98)
	at org.springframework.test.context.support.DefaultTestContext.getApplicationContext(DefaultTestContext.java:124)
	at org.springframework.test.context.web.ServletTestExecutionListener.setUpRequestContextIfNecessary(ServletTestExecutionListener.java:190)
	at org.springframework.test.context.web.ServletTestExecutionListener.prepareTestInstance(ServletTestExecutionListener.java:132)
	at org.springframework.test.context.TestContextManager.prepareTestInstance(TestContextManager.java:248)
	at org.springframework.test.context.junit.jupiter.SpringExtension.postProcessTestInstance(SpringExtension.java:138)
	at org.junit.jupiter.engine.descriptor.ClassBasedTestDescriptor.lambda$invokeTestInstancePostProcessors$8(ClassBasedTestDescriptor.java:363)
	at org.junit.jupiter.engine.descriptor.ClassBasedTestDescriptor.executeAndMaskThrowable(ClassBasedTestDescriptor.java:368)
	at org.junit.jupiter.engine.descriptor.ClassBasedTestDescriptor.lambda$invokeTestInstancePostProcessors$9(ClassBasedTestDescriptor.java:363)
	at java.base/java.util.stream.ReferencePipeline$3$1.accept(ReferencePipeline.java:195)
	at java.base/java.util.stream.ReferencePipeline$2$1.accept(ReferencePipeline.java:177)
	at java.base/java.util.ArrayList$ArrayListSpliterator.forEachRemaining(ArrayList.java:1655)
	at java.base/java.util.stream.AbstractPipeline.copyInto(AbstractPipeline.java:484)
	at java.base/java.util.stream.AbstractPipeline.wrapAndCopyInto(AbstractPipeline.java:474)
	at java.base/java.util.stream.StreamSpliterators$WrappingSpliterator.forEachRemaining(StreamSpliterators.java:312)
	at java.base/java.util.stream.Streams$ConcatSpliterator.forEachRemaining(Streams.java:735)
	at java.base/java.util.stream.Streams$ConcatSpliterator.forEachRemaining(Streams.java:734)
	at java.base/java.util.stream.ReferencePipeline$Head.forEach(ReferencePipeline.java:658)
	at org.junit.jupiter.engine.descriptor.ClassBasedTestDescriptor.invokeTestInstancePostProcessors(ClassBasedTestDescriptor.java:362)
	at org.junit.jupiter.engine.descriptor.ClassBasedTestDescriptor.lambda$instantiateAndPostProcessTestInstance$6(ClassBasedTestDescriptor.java:283)
	at org.junit.platform.engine.support.hierarchical.ThrowableCollector.execute(ThrowableCollector.java:73)
	at org.junit.jupiter.engine.descriptor.ClassBasedTestDescriptor.instantiateAndPostProcessTestInstance(ClassBasedTestDescriptor.java:282)
	at org.junit.jupiter.engine.descriptor.ClassBasedTestDescriptor.lambda$testInstancesProvider$4(ClassBasedTestDescriptor.java:272)
	at java.base/java.util.Optional.orElseGet(Optional.java:369)
	at org.junit.jupiter.engine.descriptor.ClassBasedTestDescriptor.lambda$testInstancesProvider$5(ClassBasedTestDescriptor.java:271)
	at org.junit.jupiter.engine.execution.TestInstancesProvider.getTestInstances(TestInstancesProvider.java:31)
	at org.junit.jupiter.engine.descriptor.TestMethodTestDescriptor.lambda$prepare$0(TestMethodTestDescriptor.java:102)
	at org.junit.platform.engine.support.hierarchical.ThrowableCollector.execute(ThrowableCollector.java:73)
	at org.junit.jupiter.engine.descriptor.TestMethodTestDescriptor.prepare(TestMethodTestDescriptor.java:101)
	at org.junit.jupiter.engine.descriptor.TestMethodTestDescriptor.prepare(TestMethodTestDescriptor.java:66)
	at org.junit.platform.engine.support.hierarchical.NodeTestTask.lambda$prepare$2(NodeTestTask.java:123)
	at org.junit.platform.engine.support.hierarchical.ThrowableCollector.execute(ThrowableCollector.java:73)
	at org.junit.platform.engine.support.hierarchical.NodeTestTask.prepare(NodeTestTask.java:123)
	at org.junit.platform.engine.support.hierarchical.NodeTestTask.execute(NodeTestTask.java:90)
	at java.base/java.util.ArrayList.forEach(ArrayList.java:1541)
	at org.junit.platform.engine.support.hierarchical.SameThreadHierarchicalTestExecutorService.invokeAll(SameThreadHierarchicalTestExecutorService.java:41)
	at org.junit.platform.engine.support.hierarchical.NodeTestTask.lambda$executeRecursively$6(NodeTestTask.java:155)
	at org.junit.platform.engine.support.hierarchical.ThrowableCollector.execute(ThrowableCollector.java:73)
	at org.junit.platform.engine.support.hierarchical.NodeTestTask.lambda$executeRecursively$8(NodeTestTask.java:141)
	at org.junit.platform.engine.support.hierarchical.Node.around(Node.java:137)
	at org.junit.platform.engine.support.hierarchical.NodeTestTask.lambda$executeRecursively$9(NodeTestTask.java:139)
	at org.junit.platform.engine.support.hierarchical.ThrowableCollector.execute(ThrowableCollector.java:73)
	at org.junit.platform.engine.support.hierarchical.NodeTestTask.executeRecursively(NodeTestTask.java:138)
	at org.junit.platform.engine.support.hierarchical.NodeTestTask.execute(NodeTestTask.java:95)
	at java.base/java.util.ArrayList.forEach(ArrayList.java:1541)
	at org.junit.platform.engine.support.hierarchical.SameThreadHierarchicalTestExecutorService.invokeAll(SameThreadHierarchicalTestExecutorService.java:41)
	at org.junit.platform.engine.support.hierarchical.NodeTestTask.lambda$executeRecursively$6(NodeTestTask.java:155)
	at org.junit.platform.engine.support.hierarchical.ThrowableCollector.execute(ThrowableCollector.java:73)
	at org.junit.platform.engine.support.hierarchical.NodeTestTask.lambda$executeRecursively$8(NodeTestTask.java:141)
	at org.junit.platform.engine.support.hierarchical.Node.around(Node.java:137)
	at org.junit.platform.engine.support.hierarchical.NodeTestTask.lambda$executeRecursively$9(NodeTestTask.java:139)
	at org.junit.platform.engine.support.hierarchical.ThrowableCollector.execute(ThrowableCollector.java:73)
	at org.junit.platform.engine.support.hierarchical.NodeTestTask.executeRecursively(NodeTestTask.java:138)
	at org.junit.platform.engine.support.hierarchical.NodeTestTask.execute(NodeTestTask.java:95)
	at org.junit.platform.engine.support.hierarchical.SameThreadHierarchicalTestExecutorService.submit(SameThreadHierarchicalTestExecutorService.java:35)
	at org.junit.platform.engine.support.hierarchical.HierarchicalTestExecutor.execute(HierarchicalTestExecutor.java:57)
	at org.junit.platform.engine.support.hierarchical.HierarchicalTestEngine.execute(HierarchicalTestEngine.java:54)
	at org.junit.platform.launcher.core.DefaultLauncher.execute(DefaultLauncher.java:220)
	at org.junit.platform.launcher.core.DefaultLauncher.lambda$execute$6(DefaultLauncher.java:188)
	at org.junit.platform.launcher.core.DefaultLauncher.withInterceptedStreams(DefaultLauncher.java:202)
	at org.junit.platform.launcher.core.DefaultLauncher.execute(DefaultLauncher.java:181)
	at org.junit.platform.launcher.core.DefaultLauncher.execute(DefaultLauncher.java:128)
	at org.apache.maven.surefire.junitplatform.JUnitPlatformProvider.invokeAllTests(JUnitPlatformProvider.java:150)
	at org.apache.maven.surefire.junitplatform.JUnitPlatformProvider.invoke(JUnitPlatformProvider.java:124)
	at org.apache.maven.surefire.booter.ForkedBooter.invokeProviderInSameClassLoader(ForkedBooter.java:384)
	at org.apache.maven.surefire.booter.ForkedBooter.runSuitesInProcess(ForkedBooter.java:345)
	at org.apache.maven.surefire.booter.ForkedBooter.execute(ForkedBooter.java:126)
	at org.apache.maven.surefire.booter.ForkedBooter.main(ForkedBooter.java:418)
Caused by: org.springframework.beans.factory.BeanCreationException: Error creating bean with name 'serverEndpointExporter' defined in class path resource [kr/co/book/config/WebSocketConfig.class]: Invocation of init method failed; nested exception is java.lang.IllegalStateException: javax.websocket.server.ServerContainer not available
	at org.springframework.beans.factory.support.AbstractAutowireCapableBeanFactory.initializeBean(AbstractAutowireCapableBeanFactory.java:1804)
	at org.springframework.beans.factory.support.AbstractAutowireCapableBeanFactory.doCreateBean(AbstractAutowireCapableBeanFactory.java:620)
	at org.springframework.beans.factory.support.AbstractAutowireCapableBeanFactory.createBean(AbstractAutowireCapableBeanFactory.java:542)
	at org.springframework.beans.factory.support.AbstractBeanFactory.lambda$doGetBean$0(AbstractBeanFactory.java:335)
	at org.springframework.beans.factory.support.DefaultSingletonBeanRegistry.getSingleton(DefaultSingletonBeanRegistry.java:234)
	at org.springframework.beans.factory.support.AbstractBeanFactory.doGetBean(AbstractBeanFactory.java:333)
	at org.springframework.beans.factory.support.AbstractBeanFactory.getBean(AbstractBeanFactory.java:208)
	at org.springframework.beans.factory.support.DefaultListableBeanFactory.preInstantiateSingletons(DefaultListableBeanFactory.java:955)
	at org.springframework.context.support.AbstractApplicationContext.finishBeanFactoryInitialization(AbstractApplicationContext.java:920)
	at org.springframework.context.support.AbstractApplicationContext.refresh(AbstractApplicationContext.java:583)
	at org.springframework.boot.SpringApplication.refresh(SpringApplication.java:731)
	at org.springframework.boot.SpringApplication.refreshContext(SpringApplication.java:408)
	at org.springframework.boot.SpringApplication.run(SpringApplication.java:307)
	at org.springframework.boot.test.context.SpringBootContextLoader.loadContext(SpringBootContextLoader.java:136)
	at org.springframework.test.context.cache.DefaultCacheAwareContextLoaderDelegate.loadContextInternal(DefaultCacheAwareContextLoaderDelegate.java:141)
	at org.springframework.test.context.cache.DefaultCacheAwareContextLoaderDelegate.loadContext(DefaultCacheAwareContextLoaderDelegate.java:90)
	... 67 common frames omitted
Caused by: java.lang.IllegalStateException: javax.websocket.server.ServerContainer not available
	at org.springframework.util.Assert.state(Assert.java:76)
	at org.springframework.web.socket.server.standard.ServerEndpointExporter.afterPropertiesSet(ServerEndpointExporter.java:107)
	at org.springframework.beans.factory.support.AbstractAutowireCapableBeanFactory.invokeInitMethods(AbstractAutowireCapableBeanFactory.java:1863)
	at org.springframework.beans.factory.support.AbstractAutowireCapableBeanFactory.initializeBean(AbstractAutowireCapableBeanFactory.java:1800)
	... 82 common frames omitted
]]></system-out>
  </testcase>
</testsuite>